Start training
Train Epoch: 1 	Loss: 208499.965288 	Accuracy: 0.000000
Train Epoch: 2 	Loss: 208480.171057 	Accuracy: 0.000000
Train Epoch: 3 	Loss: 208469.869773 	Accuracy: 0.000000
Train Epoch: 4 	Loss: 208485.120819 	Accuracy: 0.000000
Train Epoch: 5 	Loss: 208449.186693 	Accuracy: 0.000000
Train Epoch: 6 	Loss: 208457.213307 	Accuracy: 0.000000
Train Epoch: 7 	Loss: 208487.803447 	Accuracy: 0.000000
Train Epoch: 8 	Loss: 208510.855725 	Accuracy: 0.000000
Train Epoch: 9 	Loss: 208456.233147 	Accuracy: 0.000000
Train Epoch: 10 	Loss: 208496.511124 	Accuracy: 0.000000
Train Epoch: 11 	Loss: 208461.853972 	Accuracy: 0.000000
Train Epoch: 12 	Loss: 208499.121831 	Accuracy: 0.000000
Train Epoch: 13 	Loss: 208509.962972 	Accuracy: 0.000000
Train Epoch: 14 	Loss: 208467.627112 	Accuracy: 0.000000
Train Epoch: 15 	Loss: 208509.842501 	Accuracy: 0.000000
Train Epoch: 16 	Loss: 208507.861781 	Accuracy: 0.000000
Train Epoch: 17 	Loss: 208495.868889 	Accuracy: 0.000000
Train Epoch: 18 	Loss: 208517.745610 	Accuracy: 0.000000
Train Epoch: 19 	Loss: 208512.371319 	Accuracy: 0.000000
Train Epoch: 20 	Loss: 208453.217758 	Accuracy: 0.000000
Traceback (most recent call last):
  File "/home/s1949624/RL_matching/main_network.py", line 174, in <module>
    train(0, args, model, device, train_dataset, targets, kwargs)
  File "/home/s1949624/RL_matching/train_network.py", line 51, in train
    torch.save(model.state_dict(), 'models/kickstart/{}/model_{}.pt'.format(args.seed, epoch))
  File "/local/s1949624/conda_envs/sanquin2/lib/python3.10/site-packages/torch/serialization.py", line 440, in save
    with _open_zipfile_writer(f) as opened_zipfile:
  File "/local/s1949624/conda_envs/sanquin2/lib/python3.10/site-packages/torch/serialization.py", line 315, in _open_zipfile_writer
    return container(name_or_buffer)
  File "/local/s1949624/conda_envs/sanquin2/lib/python3.10/site-packages/torch/serialization.py", line 288, in __init__
    super().__init__(torch._C.PyTorchFileWriter(str(name)))
RuntimeError: Parent directory models/kickstart/20 does not exist.
