Start training
Train Epoch: 1 	Loss: 208433.617933 	Accuracy: 0.000000
Train Epoch: 2 	Loss: 208378.189653 	Accuracy: 0.000000
Train Epoch: 3 	Loss: 208384.792365 	Accuracy: 0.000000
Train Epoch: 4 	Loss: 208403.150891 	Accuracy: 0.000000
Train Epoch: 5 	Loss: 208360.566803 	Accuracy: 0.000000
Train Epoch: 6 	Loss: 208385.516452 	Accuracy: 0.000000
Train Epoch: 7 	Loss: 208430.546504 	Accuracy: 0.000000
Train Epoch: 8 	Loss: 208392.377708 	Accuracy: 0.000000
Train Epoch: 9 	Loss: 208405.415028 	Accuracy: 0.000000
Train Epoch: 10 	Loss: 208396.583681 	Accuracy: 0.000000
Train Epoch: 11 	Loss: 208402.901153 	Accuracy: 0.000000
Train Epoch: 12 	Loss: 208455.008349 	Accuracy: 0.000000
Train Epoch: 13 	Loss: 208400.609030 	Accuracy: 0.000000
Train Epoch: 14 	Loss: 208398.223025 	Accuracy: 0.000000
Train Epoch: 15 	Loss: 208378.520502 	Accuracy: 0.000000
Train Epoch: 16 	Loss: 208401.604311 	Accuracy: 0.000000
Train Epoch: 17 	Loss: 208401.900595 	Accuracy: 0.000000
Train Epoch: 18 	Loss: 208469.329015 	Accuracy: 0.000000
Train Epoch: 19 	Loss: 208437.672016 	Accuracy: 0.000000
Train Epoch: 20 	Loss: 208444.520087 	Accuracy: 0.000000
Train Epoch: 21 	Loss: 208454.596369 	Accuracy: 0.000000
Train Epoch: 22 	Loss: 208336.980139 	Accuracy: 0.000000
Train Epoch: 23 	Loss: 208337.673941 	Accuracy: 0.000000
Train Epoch: 24 	Loss: 208338.366499 	Accuracy: 0.000000
Train Epoch: 25 	Loss: 208342.344946 	Accuracy: 0.000000
Train Epoch: 26 	Loss: 208335.401045 	Accuracy: 0.000000
Train Epoch: 27 	Loss: 208343.393189 	Accuracy: 0.000000
Train Epoch: 28 	Loss: 208340.082514 	Accuracy: 0.000000
Train Epoch: 29 	Loss: 208337.590951 	Accuracy: 0.000000
Train Epoch: 30 	Loss: 208335.849693 	Accuracy: 0.000000
Train Epoch: 31 	Loss: 208332.888408 	Accuracy: 0.000000
Train Epoch: 32 	Loss: 208339.387259 	Accuracy: 0.000000
Train Epoch: 33 	Loss: 208324.859364 	Accuracy: 0.000000
Train Epoch: 34 	Loss: 208335.157200 	Accuracy: 0.000000
Train Epoch: 35 	Loss: 208342.016861 	Accuracy: 0.000000
Train Epoch: 36 	Loss: 208340.347354 	Accuracy: 0.000000
Train Epoch: 37 	Loss: 208328.972907 	Accuracy: 0.000000
Train Epoch: 38 	Loss: 208341.783819 	Accuracy: 0.000000
Train Epoch: 39 	Loss: 208326.952970 	Accuracy: 0.000000
Train Epoch: 40 	Loss: 208335.393563 	Accuracy: 0.000000
Train Epoch: 41 	Loss: 208337.439196 	Accuracy: 0.000000
Train Epoch: 42 	Loss: 208324.313013 	Accuracy: 0.000000
Train Epoch: 43 	Loss: 208341.131863 	Accuracy: 0.000000
Train Epoch: 44 	Loss: 208337.408911 	Accuracy: 0.000000
Train Epoch: 45 	Loss: 208339.745666 	Accuracy: 0.000000
Train Epoch: 46 	Loss: 208334.298580 	Accuracy: 0.000000
Train Epoch: 47 	Loss: 208331.770835 	Accuracy: 0.000000
Train Epoch: 48 	Loss: 208341.023504 	Accuracy: 0.000000
Train Epoch: 49 	Loss: 208341.387841 	Accuracy: 0.000000
Train Epoch: 50 	Loss: 208340.329660 	Accuracy: 0.000000
Train Epoch: 51 	Loss: 208343.997313 	Accuracy: 0.000000
Train Epoch: 52 	Loss: 208342.181099 	Accuracy: 0.000000
Train Epoch: 53 	Loss: 208335.522288 	Accuracy: 0.000000
Train Epoch: 54 	Loss: 208344.092391 	Accuracy: 0.000000
Train Epoch: 55 	Loss: 208339.092257 	Accuracy: 0.000000
Train Epoch: 56 	Loss: 208343.119011 	Accuracy: 0.000000
Train Epoch: 57 	Loss: 208340.811599 	Accuracy: 0.000000
Train Epoch: 58 	Loss: 208342.585258 	Accuracy: 0.000000
Train Epoch: 59 	Loss: 208341.966557 	Accuracy: 0.000000
Train Epoch: 60 	Loss: 208339.681450 	Accuracy: 0.000000
Train Epoch: 61 	Loss: 208338.688943 	Accuracy: 0.000000
Train Epoch: 62 	Loss: 208340.699828 	Accuracy: 0.000000
Train Epoch: 63 	Loss: 208336.909962 	Accuracy: 0.000000
Train Epoch: 64 	Loss: 208344.814569 	Accuracy: 0.000000
Train Epoch: 65 	Loss: 208339.601883 	Accuracy: 0.000000
Train Epoch: 66 	Loss: 208335.485723 	Accuracy: 0.000000
Train Epoch: 67 	Loss: 208338.720499 	Accuracy: 0.000000
Train Epoch: 68 	Loss: 208333.045918 	Accuracy: 0.000000
Train Epoch: 69 	Loss: 208337.652286 	Accuracy: 0.000000
Train Epoch: 70 	Loss: 208337.918179 	Accuracy: 0.000000
Train Epoch: 71 	Loss: 208346.176766 	Accuracy: 0.000000
Train Epoch: 72 	Loss: 208341.502839 	Accuracy: 0.000000
Train Epoch: 73 	Loss: 208342.025950 	Accuracy: 0.000000
Train Epoch: 74 	Loss: 208346.796517 	Accuracy: 0.000000
Train Epoch: 75 	Loss: 208341.958928 	Accuracy: 0.000000
Train Epoch: 76 	Loss: 208336.988388 	Accuracy: 0.000000
Train Epoch: 77 	Loss: 208331.656392 	Accuracy: 0.000000
Train Epoch: 78 	Loss: 208337.481462 	Accuracy: 0.000000
Train Epoch: 79 	Loss: 208345.678165 	Accuracy: 0.000000
Train Epoch: 80 	Loss: 208342.942176 	Accuracy: 0.000000
Train Epoch: 81 	Loss: 208334.305025 	Accuracy: 0.000000
Train Epoch: 82 	Loss: 208339.799601 	Accuracy: 0.000000
Train Epoch: 83 	Loss: 208339.977853 	Accuracy: 0.000000
Train Epoch: 84 	Loss: 208342.808069 	Accuracy: 0.000000
Train Epoch: 85 	Loss: 208342.076498 	Accuracy: 0.000000
Train Epoch: 86 	Loss: 208342.362644 	Accuracy: 0.000000
Train Epoch: 87 	Loss: 208341.447091 	Accuracy: 0.000000
Train Epoch: 88 	Loss: 208347.239587 	Accuracy: 0.000000
Train Epoch: 89 	Loss: 208337.127493 	Accuracy: 0.000000
Train Epoch: 90 	Loss: 208343.010558 	Accuracy: 0.000000
Train Epoch: 91 	Loss: 208344.369573 	Accuracy: 0.000000
Train Epoch: 92 	Loss: 208340.016642 	Accuracy: 0.000000
Train Epoch: 93 	Loss: 208342.360864 	Accuracy: 0.000000
Train Epoch: 94 	Loss: 208332.887692 	Accuracy: 0.000000
Train Epoch: 95 	Loss: 208337.154932 	Accuracy: 0.000000
Train Epoch: 96 	Loss: 208338.047306 	Accuracy: 0.000000
Train Epoch: 97 	Loss: 208342.644112 	Accuracy: 0.000000
Train Epoch: 98 	Loss: 208339.762951 	Accuracy: 0.000000
Train Epoch: 99 	Loss: 208341.033804 	Accuracy: 0.000000
Train Epoch: 100 	Loss: 208335.450632 	Accuracy: 0.000000
Train Epoch: 101 	Loss: 208341.198675 	Accuracy: 0.000000
Train Epoch: 102 	Loss: 208343.392592 	Accuracy: 0.000000
Train Epoch: 103 	Loss: 208332.599145 	Accuracy: 0.000000
Train Epoch: 104 	Loss: 208332.489188 	Accuracy: 0.000000
Train Epoch: 105 	Loss: 208341.248966 	Accuracy: 0.000000
Train Epoch: 106 	Loss: 208340.953408 	Accuracy: 0.000000
Train Epoch: 107 	Loss: 208340.245523 	Accuracy: 0.000000
Train Epoch: 108 	Loss: 208340.309567 	Accuracy: 0.000000
Train Epoch: 109 	Loss: 208333.940242 	Accuracy: 0.000000
Train Epoch: 110 	Loss: 208337.519971 	Accuracy: 0.000000
Train Epoch: 111 	Loss: 208342.260979 	Accuracy: 0.000000
Train Epoch: 112 	Loss: 208339.241800 	Accuracy: 0.000000
Train Epoch: 113 	Loss: 208332.378754 	Accuracy: 0.000000
Train Epoch: 114 	Loss: 208341.290049 	Accuracy: 0.000000
Train Epoch: 115 	Loss: 208342.086712 	Accuracy: 0.000000
Train Epoch: 116 	Loss: 208347.909249 	Accuracy: 0.000000
Train Epoch: 117 	Loss: 208344.267650 	Accuracy: 0.000000
Train Epoch: 118 	Loss: 208338.462525 	Accuracy: 0.000000
Train Epoch: 119 	Loss: 208341.815228 	Accuracy: 0.000000
Train Epoch: 120 	Loss: 208343.346105 	Accuracy: 0.000000
Train Epoch: 121 	Loss: 208343.306520 	Accuracy: 0.000000
Train Epoch: 122 	Loss: 208335.327396 	Accuracy: 0.000000
Train Epoch: 123 	Loss: 208340.155560 	Accuracy: 0.000000
Train Epoch: 124 	Loss: 208338.218934 	Accuracy: 0.000000
Train Epoch: 125 	Loss: 208342.088893 	Accuracy: 0.000000
Train Epoch: 126 	Loss: 208339.802499 	Accuracy: 0.000000
Train Epoch: 127 	Loss: 208341.812917 	Accuracy: 0.000000
Train Epoch: 128 	Loss: 208340.417506 	Accuracy: 0.000000
Train Epoch: 129 	Loss: 208341.871756 	Accuracy: 0.000000
Train Epoch: 130 	Loss: 208335.643240 	Accuracy: 0.000000
Train Epoch: 131 	Loss: 208337.093357 	Accuracy: 0.000000
Train Epoch: 132 	Loss: 208330.530457 	Accuracy: 0.000000
Train Epoch: 133 	Loss: 208340.531322 	Accuracy: 0.000000
Train Epoch: 134 	Loss: 208344.178556 	Accuracy: 0.000000
Train Epoch: 135 	Loss: 208338.963502 	Accuracy: 0.000000
Train Epoch: 136 	Loss: 208343.417418 	Accuracy: 0.000000
Train Epoch: 137 	Loss: 208344.014381 	Accuracy: 0.000000
Train Epoch: 138 	Loss: 208343.490071 	Accuracy: 0.000000
Train Epoch: 139 	Loss: 208344.526196 	Accuracy: 0.000000
Train Epoch: 140 	Loss: 208341.293135 	Accuracy: 0.000000
Train Epoch: 141 	Loss: 208342.841361 	Accuracy: 0.000000
Train Epoch: 142 	Loss: 208337.771819 	Accuracy: 0.000000
Train Epoch: 143 	Loss: 208337.760827 	Accuracy: 0.000000
Train Epoch: 144 	Loss: 208336.097482 	Accuracy: 0.000000
Train Epoch: 145 	Loss: 208340.471122 	Accuracy: 0.000000
Train Epoch: 146 	Loss: 208336.972942 	Accuracy: 0.000000
Train Epoch: 147 	Loss: 208340.556364 	Accuracy: 0.000000
Train Epoch: 148 	Loss: 208335.323914 	Accuracy: 0.000000
Train Epoch: 149 	Loss: 208347.275495 	Accuracy: 0.000000
Train Epoch: 150 	Loss: 208336.647301 	Accuracy: 0.000000
Train Epoch: 151 	Loss: 208332.263512 	Accuracy: 0.000000
Train Epoch: 152 	Loss: 208345.489785 	Accuracy: 0.000000
Train Epoch: 153 	Loss: 208345.232761 	Accuracy: 0.000000
Train Epoch: 154 	Loss: 208336.799732 	Accuracy: 0.000000
Train Epoch: 155 	Loss: 208342.863269 	Accuracy: 0.000000
Train Epoch: 156 	Loss: 208340.273565 	Accuracy: 0.000000
Train Epoch: 157 	Loss: 208334.091690 	Accuracy: 0.000000
Train Epoch: 158 	Loss: 208343.112245 	Accuracy: 0.000000
Train Epoch: 159 	Loss: 208345.470604 	Accuracy: 0.000000
Train Epoch: 160 	Loss: 208336.588933 	Accuracy: 0.000000
Train Epoch: 161 	Loss: 208343.540277 	Accuracy: 0.000000
Train Epoch: 162 	Loss: 208328.413474 	Accuracy: 0.000000
Train Epoch: 163 	Loss: 208339.743561 	Accuracy: 0.000000
Train Epoch: 164 	Loss: 208340.658983 	Accuracy: 0.000000
Train Epoch: 165 	Loss: 208341.834539 	Accuracy: 0.000000
Train Epoch: 166 	Loss: 208343.664615 	Accuracy: 0.000000
Train Epoch: 167 	Loss: 208339.111277 	Accuracy: 0.000000
Train Epoch: 168 	Loss: 208341.398825 	Accuracy: 0.000000
Train Epoch: 169 	Loss: 208337.593743 	Accuracy: 0.000000
Train Epoch: 170 	Loss: 208340.893296 	Accuracy: 0.000000
Train Epoch: 171 	Loss: 208335.947019 	Accuracy: 0.000000
Train Epoch: 172 	Loss: 208344.169230 	Accuracy: 0.000000
Train Epoch: 173 	Loss: 208340.437716 	Accuracy: 0.000000
Train Epoch: 174 	Loss: 208345.167952 	Accuracy: 0.000000
Train Epoch: 175 	Loss: 208338.225983 	Accuracy: 0.000000
Train Epoch: 176 	Loss: 208337.644976 	Accuracy: 0.000000
Train Epoch: 177 	Loss: 208335.789209 	Accuracy: 0.000000
Train Epoch: 178 	Loss: 208347.624403 	Accuracy: 0.000000
Train Epoch: 179 	Loss: 208341.408281 	Accuracy: 0.000000
Train Epoch: 180 	Loss: 208343.167923 	Accuracy: 0.000000
Train Epoch: 181 	Loss: 208332.944252 	Accuracy: 0.000000
Train Epoch: 182 	Loss: 208335.046182 	Accuracy: 0.000000
Train Epoch: 183 	Loss: 208339.108898 	Accuracy: 0.000000
Train Epoch: 184 	Loss: 208335.497276 	Accuracy: 0.000000
Train Epoch: 185 	Loss: 208339.027721 	Accuracy: 0.000000
Train Epoch: 186 	Loss: 208344.049171 	Accuracy: 0.000000
Train Epoch: 187 	Loss: 208339.253675 	Accuracy: 0.000000
Train Epoch: 188 	Loss: 208341.690312 	Accuracy: 0.000000
Train Epoch: 189 	Loss: 208344.856250 	Accuracy: 0.000000
Train Epoch: 190 	Loss: 208336.478152 	Accuracy: 0.000000
Train Epoch: 191 	Loss: 208337.631250 	Accuracy: 0.000000
Train Epoch: 192 	Loss: 208339.503615 	Accuracy: 0.000000
Train Epoch: 193 	Loss: 208346.606569 	Accuracy: 0.000000
Train Epoch: 194 	Loss: 208341.833021 	Accuracy: 0.000000
Train Epoch: 195 	Loss: 208341.977400 	Accuracy: 0.000000
Train Epoch: 196 	Loss: 208333.702267 	Accuracy: 0.000000
Train Epoch: 197 	Loss: 208339.384624 	Accuracy: 0.000000
Train Epoch: 198 	Loss: 208329.276272 	Accuracy: 0.000000
Train Epoch: 199 	Loss: 208332.787158 	Accuracy: 0.000000
Train Epoch: 200 	Loss: 208341.613365 	Accuracy: 0.000000
Train Epoch: 201 	Loss: 208334.633049 	Accuracy: 0.000000
Train Epoch: 202 	Loss: 208341.279116 	Accuracy: 0.000000
Train Epoch: 203 	Loss: 208331.594625 	Accuracy: 0.000000
Train Epoch: 204 	Loss: 208341.598039 	Accuracy: 0.000000
Train Epoch: 205 	Loss: 208343.163239 	Accuracy: 0.000000
Train Epoch: 206 	Loss: 208330.208849 	Accuracy: 0.000000
Train Epoch: 207 	Loss: 208346.849017 	Accuracy: 0.000000
Train Epoch: 208 	Loss: 208343.247759 	Accuracy: 0.000000
Train Epoch: 209 	Loss: 208335.861125 	Accuracy: 0.000000
Train Epoch: 210 	Loss: 208343.604481 	Accuracy: 0.000000
Train Epoch: 211 	Loss: 208335.911516 	Accuracy: 0.000000
Train Epoch: 212 	Loss: 208339.480292 	Accuracy: 0.000000
Train Epoch: 213 	Loss: 208343.784508 	Accuracy: 0.000000
Train Epoch: 214 	Loss: 208334.593793 	Accuracy: 0.000000
Train Epoch: 215 	Loss: 208344.613620 	Accuracy: 0.000000
Train Epoch: 216 	Loss: 208341.226866 	Accuracy: 0.000000
Train Epoch: 217 	Loss: 208340.676430 	Accuracy: 0.000000
Train Epoch: 218 	Loss: 208334.465178 	Accuracy: 0.000000
Train Epoch: 219 	Loss: 208341.436858 	Accuracy: 0.000000
Train Epoch: 220 	Loss: 208339.220875 	Accuracy: 0.000000
Train Epoch: 221 	Loss: 208343.673940 	Accuracy: 0.000000
Train Epoch: 222 	Loss: 208344.015140 	Accuracy: 0.000000
Train Epoch: 223 	Loss: 208344.763097 	Accuracy: 0.000000
Train Epoch: 224 	Loss: 208338.949533 	Accuracy: 0.000000
Train Epoch: 225 	Loss: 208339.291390 	Accuracy: 0.000000
Train Epoch: 226 	Loss: 208344.373353 	Accuracy: 0.000000
Train Epoch: 227 	Loss: 208338.679459 	Accuracy: 0.000000
Train Epoch: 228 	Loss: 208338.687884 	Accuracy: 0.000000
Train Epoch: 229 	Loss: 208339.144094 	Accuracy: 0.000000
Train Epoch: 230 	Loss: 208336.994334 	Accuracy: 0.000000
Train Epoch: 231 	Loss: 208342.114146 	Accuracy: 0.000000
Train Epoch: 232 	Loss: 208338.789504 	Accuracy: 0.000000
Train Epoch: 233 	Loss: 208341.559443 	Accuracy: 0.000000
Train Epoch: 234 	Loss: 208343.362968 	Accuracy: 0.000000
Train Epoch: 235 	Loss: 208342.884900 	Accuracy: 0.000000
Train Epoch: 236 	Loss: 208341.057696 	Accuracy: 0.000000
Train Epoch: 237 	Loss: 208337.228085 	Accuracy: 0.000000
Train Epoch: 238 	Loss: 208342.413371 	Accuracy: 0.000000
Train Epoch: 239 	Loss: 208336.422063 	Accuracy: 0.000000
Train Epoch: 240 	Loss: 208344.971509 	Accuracy: 0.000000
Train Epoch: 241 	Loss: 208342.678062 	Accuracy: 0.000000
Train Epoch: 242 	Loss: 208342.664098 	Accuracy: 0.000000
Train Epoch: 243 	Loss: 208338.748444 	Accuracy: 0.000000
Train Epoch: 244 	Loss: 208340.961552 	Accuracy: 0.000000
Train Epoch: 245 	Loss: 208338.650660 	Accuracy: 0.000000
Train Epoch: 246 	Loss: 208342.599563 	Accuracy: 0.000000
Train Epoch: 247 	Loss: 208341.890364 	Accuracy: 0.000000
Train Epoch: 248 	Loss: 208336.445717 	Accuracy: 0.000000
Train Epoch: 249 	Loss: 208340.115081 	Accuracy: 0.000000
Train Epoch: 250 	Loss: 208336.272948 	Accuracy: 0.000000
Train Epoch: 251 	Loss: 208337.181737 	Accuracy: 0.000000
Train Epoch: 252 	Loss: 208340.781257 	Accuracy: 0.000000
Train Epoch: 253 	Loss: 208345.667567 	Accuracy: 0.000000
Train Epoch: 254 	Loss: 208343.707900 	Accuracy: 0.000000
Train Epoch: 255 	Loss: 208338.759966 	Accuracy: 0.000000
Train Epoch: 256 	Loss: 208334.503028 	Accuracy: 0.000000
Train Epoch: 257 	Loss: 208344.725523 	Accuracy: 0.000000
Train Epoch: 258 	Loss: 208340.426005 	Accuracy: 0.000000
Train Epoch: 259 	Loss: 208337.419404 	Accuracy: 0.000000
Train Epoch: 260 	Loss: 208335.352922 	Accuracy: 0.000000
Train Epoch: 261 	Loss: 208334.547509 	Accuracy: 0.000000
Train Epoch: 262 	Loss: 208342.807596 	Accuracy: 0.000000
Train Epoch: 263 	Loss: 208339.140037 	Accuracy: 0.000000
Train Epoch: 264 	Loss: 208337.314161 	Accuracy: 0.000000
Train Epoch: 265 	Loss: 208321.152771 	Accuracy: 0.000000
Train Epoch: 266 	Loss: 208335.515841 	Accuracy: 0.000000
Train Epoch: 267 	Loss: 208339.501448 	Accuracy: 0.000000
Train Epoch: 268 	Loss: 208339.009074 	Accuracy: 0.000000
Train Epoch: 269 	Loss: 208342.359240 	Accuracy: 0.000000
Train Epoch: 270 	Loss: 208346.918645 	Accuracy: 0.000000
Train Epoch: 271 	Loss: 208334.315581 	Accuracy: 0.000000
Train Epoch: 272 	Loss: 208336.585961 	Accuracy: 0.000000
Train Epoch: 273 	Loss: 208345.459462 	Accuracy: 0.000000
Train Epoch: 274 	Loss: 208337.967566 	Accuracy: 0.000000
Train Epoch: 275 	Loss: 208345.784028 	Accuracy: 0.000000
Train Epoch: 276 	Loss: 208340.989259 	Accuracy: 0.000000
Train Epoch: 277 	Loss: 208336.920451 	Accuracy: 0.000000
Train Epoch: 278 	Loss: 208336.503541 	Accuracy: 0.000000
Train Epoch: 279 	Loss: 208344.474124 	Accuracy: 0.000000
Train Epoch: 280 	Loss: 208337.681644 	Accuracy: 0.000000
Train Epoch: 281 	Loss: 208334.563271 	Accuracy: 0.000000
Train Epoch: 282 	Loss: 208338.506470 	Accuracy: 0.000000
Train Epoch: 283 	Loss: 208341.332437 	Accuracy: 0.000000
Train Epoch: 284 	Loss: 208339.296172 	Accuracy: 0.000000
Train Epoch: 285 	Loss: 208342.357798 	Accuracy: 0.000000
Train Epoch: 286 	Loss: 208340.335413 	Accuracy: 0.000000
Train Epoch: 287 	Loss: 208341.958952 	Accuracy: 0.000000
Train Epoch: 288 	Loss: 208336.924004 	Accuracy: 0.000000
Train Epoch: 289 	Loss: 208341.991711 	Accuracy: 0.000000
Train Epoch: 290 	Loss: 208343.780140 	Accuracy: 0.000000
Train Epoch: 291 	Loss: 208344.210044 	Accuracy: 0.000000
Train Epoch: 292 	Loss: 208340.269038 	Accuracy: 0.000000
Train Epoch: 293 	Loss: 208342.132091 	Accuracy: 0.000000
Train Epoch: 294 	Loss: 208333.676302 	Accuracy: 0.000000
Train Epoch: 295 	Loss: 208336.010947 	Accuracy: 0.000000
Train Epoch: 296 	Loss: 208341.334294 	Accuracy: 0.000000
Train Epoch: 297 	Loss: 208340.461458 	Accuracy: 0.000000
Train Epoch: 298 	Loss: 208336.239226 	Accuracy: 0.000000
Train Epoch: 299 	Loss: 208341.710650 	Accuracy: 0.000000
Train Epoch: 300 	Loss: 208341.820351 	Accuracy: 0.000000
Train Epoch: 301 	Loss: 208342.169043 	Accuracy: 0.000000
Train Epoch: 302 	Loss: 208326.096221 	Accuracy: 0.000000
Train Epoch: 303 	Loss: 208345.124770 	Accuracy: 0.000000
Train Epoch: 304 	Loss: 208341.425213 	Accuracy: 0.000000
Train Epoch: 305 	Loss: 208337.610106 	Accuracy: 0.000000
Train Epoch: 306 	Loss: 208344.340031 	Accuracy: 0.000000
Train Epoch: 307 	Loss: 208343.873756 	Accuracy: 0.000000
Train Epoch: 308 	Loss: 208333.571543 	Accuracy: 0.000000
Train Epoch: 309 	Loss: 208334.959929 	Accuracy: 0.000000
Train Epoch: 310 	Loss: 208341.651400 	Accuracy: 0.000000
Train Epoch: 311 	Loss: 208321.608588 	Accuracy: 0.000000
Train Epoch: 312 	Loss: 208341.222344 	Accuracy: 0.000000
Train Epoch: 313 	Loss: 208341.422510 	Accuracy: 0.000000
Train Epoch: 314 	Loss: 208335.210020 	Accuracy: 0.000000
Train Epoch: 315 	Loss: 208336.245394 	Accuracy: 0.000000
Train Epoch: 316 	Loss: 208341.938181 	Accuracy: 0.000000
Train Epoch: 317 	Loss: 208342.918933 	Accuracy: 0.000000
Train Epoch: 318 	Loss: 208345.362784 	Accuracy: 0.000000
Train Epoch: 319 	Loss: 208338.721778 	Accuracy: 0.000000
Train Epoch: 320 	Loss: 208343.287320 	Accuracy: 0.000000
Train Epoch: 321 	Loss: 208335.381068 	Accuracy: 0.000000
Train Epoch: 322 	Loss: 208344.113399 	Accuracy: 0.000000
Train Epoch: 323 	Loss: 208340.804087 	Accuracy: 0.000000
Train Epoch: 324 	Loss: 208335.932812 	Accuracy: 0.000000
Train Epoch: 325 	Loss: 208342.759627 	Accuracy: 0.000000
Train Epoch: 326 	Loss: 208344.559619 	Accuracy: 0.000000
Train Epoch: 327 	Loss: 208341.356476 	Accuracy: 0.000000
Train Epoch: 328 	Loss: 208340.612584 	Accuracy: 0.000000
Train Epoch: 329 	Loss: 208335.286658 	Accuracy: 0.000000
Train Epoch: 330 	Loss: 208342.354606 	Accuracy: 0.000000
Train Epoch: 331 	Loss: 208339.057743 	Accuracy: 0.000000
Train Epoch: 332 	Loss: 208341.370862 	Accuracy: 0.000000
Train Epoch: 333 	Loss: 208332.225859 	Accuracy: 0.000000
Train Epoch: 334 	Loss: 208333.666234 	Accuracy: 0.000000
Train Epoch: 335 	Loss: 208343.260377 	Accuracy: 0.000000
Train Epoch: 336 	Loss: 208335.299369 	Accuracy: 0.000000
Train Epoch: 337 	Loss: 208332.929885 	Accuracy: 0.000000
Train Epoch: 338 	Loss: 208341.351943 	Accuracy: 0.000000
Train Epoch: 339 	Loss: 208344.693642 	Accuracy: 0.000000
Train Epoch: 340 	Loss: 208338.889043 	Accuracy: 0.000000
Train Epoch: 341 	Loss: 208345.363951 	Accuracy: 0.000000
Train Epoch: 342 	Loss: 208336.653490 	Accuracy: 0.000000
Train Epoch: 343 	Loss: 208346.705413 	Accuracy: 0.000000
Train Epoch: 344 	Loss: 208336.491771 	Accuracy: 0.000000
Train Epoch: 345 	Loss: 208340.095698 	Accuracy: 0.000000
Train Epoch: 346 	Loss: 208337.420377 	Accuracy: 0.000000
Train Epoch: 347 	Loss: 208341.977501 	Accuracy: 0.000000
Train Epoch: 348 	Loss: 208335.912835 	Accuracy: 0.000000
Train Epoch: 349 	Loss: 208341.741264 	Accuracy: 0.000000
Train Epoch: 350 	Loss: 208337.972490 	Accuracy: 0.000000
Train Epoch: 351 	Loss: 208331.792228 	Accuracy: 0.000000
Train Epoch: 352 	Loss: 208342.822424 	Accuracy: 0.000000
Train Epoch: 353 	Loss: 208345.031652 	Accuracy: 0.000000
Train Epoch: 354 	Loss: 208343.600341 	Accuracy: 0.000000
Train Epoch: 355 	Loss: 208337.054905 	Accuracy: 0.000000
Train Epoch: 356 	Loss: 208339.655804 	Accuracy: 0.000000
Train Epoch: 357 	Loss: 208340.920582 	Accuracy: 0.000000
Train Epoch: 358 	Loss: 208334.095557 	Accuracy: 0.000000
Train Epoch: 359 	Loss: 208343.000992 	Accuracy: 0.000000
Train Epoch: 360 	Loss: 208337.674332 	Accuracy: 0.000000
Train Epoch: 361 	Loss: 208337.055909 	Accuracy: 0.000000
Train Epoch: 362 	Loss: 208341.399397 	Accuracy: 0.000000
Train Epoch: 363 	Loss: 208342.591906 	Accuracy: 0.000000
Train Epoch: 364 	Loss: 208334.321025 	Accuracy: 0.000000
Train Epoch: 365 	Loss: 208331.358733 	Accuracy: 0.000000
Train Epoch: 366 	Loss: 208337.933783 	Accuracy: 0.000000
Train Epoch: 367 	Loss: 208345.198991 	Accuracy: 0.000000
Train Epoch: 368 	Loss: 208328.387406 	Accuracy: 0.000000
Train Epoch: 369 	Loss: 208338.404763 	Accuracy: 0.000000
Train Epoch: 370 	Loss: 208340.686711 	Accuracy: 0.000000
Train Epoch: 371 	Loss: 208341.051882 	Accuracy: 0.000000
Train Epoch: 372 	Loss: 208333.646772 	Accuracy: 0.000000
Train Epoch: 373 	Loss: 208338.961089 	Accuracy: 0.000000
Train Epoch: 374 	Loss: 208334.151204 	Accuracy: 0.000000
Train Epoch: 375 	Loss: 208332.407423 	Accuracy: 0.000000
Train Epoch: 376 	Loss: 208343.942101 	Accuracy: 0.000000
Train Epoch: 377 	Loss: 208335.972310 	Accuracy: 0.000000
Train Epoch: 378 	Loss: 208344.075003 	Accuracy: 0.000000
Train Epoch: 379 	Loss: 208336.184975 	Accuracy: 0.000000
Train Epoch: 380 	Loss: 208336.924064 	Accuracy: 0.000000
Train Epoch: 381 	Loss: 208332.572896 	Accuracy: 0.000000
Train Epoch: 382 	Loss: 208341.996419 	Accuracy: 0.000000
Train Epoch: 383 	Loss: 208325.767928 	Accuracy: 0.000000
Train Epoch: 384 	Loss: 208348.048340 	Accuracy: 0.000000
Train Epoch: 385 	Loss: 208342.678165 	Accuracy: 0.000000
Train Epoch: 386 	Loss: 208341.603089 	Accuracy: 0.000000
Train Epoch: 387 	Loss: 208343.895089 	Accuracy: 0.000000
Train Epoch: 388 	Loss: 208343.822518 	Accuracy: 0.000000
Train Epoch: 389 	Loss: 208339.517408 	Accuracy: 0.000000
Train Epoch: 390 	Loss: 208338.957761 	Accuracy: 0.000000
Train Epoch: 391 	Loss: 208337.368190 	Accuracy: 0.000000
Train Epoch: 392 	Loss: 208334.646309 	Accuracy: 0.000000
Train Epoch: 393 	Loss: 208338.159580 	Accuracy: 0.000000
Train Epoch: 394 	Loss: 208337.889424 	Accuracy: 0.000000
Train Epoch: 395 	Loss: 208337.073202 	Accuracy: 0.000000
Train Epoch: 396 	Loss: 208339.634637 	Accuracy: 0.000000
Train Epoch: 397 	Loss: 208339.359357 	Accuracy: 0.000000
Train Epoch: 398 	Loss: 208339.456830 	Accuracy: 0.000000
Train Epoch: 399 	Loss: 208336.566292 	Accuracy: 0.000000
Train Epoch: 400 	Loss: 208337.126245 	Accuracy: 0.000000
Train Epoch: 401 	Loss: 208338.079200 	Accuracy: 0.000000
Train Epoch: 402 	Loss: 208335.866039 	Accuracy: 0.000000
Train Epoch: 403 	Loss: 208342.009303 	Accuracy: 0.000000
Train Epoch: 404 	Loss: 208335.923710 	Accuracy: 0.000000
Train Epoch: 405 	Loss: 208331.963535 	Accuracy: 0.000000
Train Epoch: 406 	Loss: 208338.761657 	Accuracy: 0.000000
Train Epoch: 407 	Loss: 208343.646171 	Accuracy: 0.000000
Train Epoch: 408 	Loss: 208342.090706 	Accuracy: 0.000000
Train Epoch: 409 	Loss: 208339.308682 	Accuracy: 0.000000
Train Epoch: 410 	Loss: 208332.341758 	Accuracy: 0.000000
Train Epoch: 411 	Loss: 208341.204843 	Accuracy: 0.000000
Train Epoch: 412 	Loss: 208335.522963 	Accuracy: 0.000000
Train Epoch: 413 	Loss: 208341.189538 	Accuracy: 0.000000
Train Epoch: 414 	Loss: 208340.047052 	Accuracy: 0.000000
Train Epoch: 415 	Loss: 208339.876790 	Accuracy: 0.000000
Train Epoch: 416 	Loss: 208338.734156 	Accuracy: 0.000000
Train Epoch: 417 	Loss: 208340.915088 	Accuracy: 0.000000
Train Epoch: 418 	Loss: 208331.481056 	Accuracy: 0.000000
Train Epoch: 419 	Loss: 208347.040796 	Accuracy: 0.000000
Train Epoch: 420 	Loss: 208343.361798 	Accuracy: 0.000000
Train Epoch: 421 	Loss: 208343.566332 	Accuracy: 0.000000
Train Epoch: 422 	Loss: 208331.234209 	Accuracy: 0.000000
Train Epoch: 423 	Loss: 208335.559166 	Accuracy: 0.000000
Train Epoch: 424 	Loss: 208336.307769 	Accuracy: 0.000000
Train Epoch: 425 	Loss: 208338.225641 	Accuracy: 0.000000
Train Epoch: 426 	Loss: 208335.362364 	Accuracy: 0.000000
Train Epoch: 427 	Loss: 208336.012567 	Accuracy: 0.000000
Train Epoch: 428 	Loss: 208343.488448 	Accuracy: 0.000000
Train Epoch: 429 	Loss: 208339.917266 	Accuracy: 0.000000
Train Epoch: 430 	Loss: 208341.139009 	Accuracy: 0.000000
Train Epoch: 431 	Loss: 208337.815739 	Accuracy: 0.000000
Train Epoch: 432 	Loss: 208339.017051 	Accuracy: 0.000000
Train Epoch: 433 	Loss: 208340.554301 	Accuracy: 0.000000
Train Epoch: 434 	Loss: 208338.852737 	Accuracy: 0.000000
Train Epoch: 435 	Loss: 208336.902779 	Accuracy: 0.000000
Train Epoch: 436 	Loss: 208341.522017 	Accuracy: 0.000000
Train Epoch: 437 	Loss: 208343.068116 	Accuracy: 0.000000
Train Epoch: 438 	Loss: 208340.626256 	Accuracy: 0.000000
Train Epoch: 439 	Loss: 208339.817566 	Accuracy: 0.000000
Train Epoch: 440 	Loss: 208340.099175 	Accuracy: 0.000000
Train Epoch: 441 	Loss: 208332.235269 	Accuracy: 0.000000
Train Epoch: 442 	Loss: 208335.458322 	Accuracy: 0.000000
Train Epoch: 443 	Loss: 208343.779445 	Accuracy: 0.000000
Train Epoch: 444 	Loss: 208338.203205 	Accuracy: 0.000000
Train Epoch: 445 	Loss: 208338.642050 	Accuracy: 0.000000
Train Epoch: 446 	Loss: 208339.830776 	Accuracy: 0.000000
Train Epoch: 447 	Loss: 208341.490614 	Accuracy: 0.000000
Train Epoch: 448 	Loss: 208342.044537 	Accuracy: 0.000000
Train Epoch: 449 	Loss: 208342.278247 	Accuracy: 0.000000
Train Epoch: 450 	Loss: 208339.244269 	Accuracy: 0.000000
Train Epoch: 451 	Loss: 208336.881012 	Accuracy: 0.000000
Train Epoch: 452 	Loss: 208341.142027 	Accuracy: 0.000000
Train Epoch: 453 	Loss: 208342.303360 	Accuracy: 0.000000
Train Epoch: 454 	Loss: 208342.559969 	Accuracy: 0.000000
Train Epoch: 455 	Loss: 208336.745337 	Accuracy: 0.000000
Train Epoch: 456 	Loss: 208338.707463 	Accuracy: 0.000000
Train Epoch: 457 	Loss: 208335.397899 	Accuracy: 0.000000
Train Epoch: 458 	Loss: 208336.265499 	Accuracy: 0.000000
Train Epoch: 459 	Loss: 208345.912492 	Accuracy: 0.000000
Train Epoch: 460 	Loss: 208335.759639 	Accuracy: 0.000000
Train Epoch: 461 	Loss: 208321.363521 	Accuracy: 0.000000
Train Epoch: 462 	Loss: 208339.655576 	Accuracy: 0.000000
Train Epoch: 463 	Loss: 208341.112106 	Accuracy: 0.000000
Train Epoch: 464 	Loss: 208339.540205 	Accuracy: 0.000000
Train Epoch: 465 	Loss: 208331.584275 	Accuracy: 0.000000
Train Epoch: 466 	Loss: 208335.203171 	Accuracy: 0.000000
Train Epoch: 467 	Loss: 208340.386887 	Accuracy: 0.000000
Train Epoch: 468 	Loss: 208337.580000 	Accuracy: 0.000000
Train Epoch: 469 	Loss: 208341.708910 	Accuracy: 0.000000
Train Epoch: 470 	Loss: 208339.292638 	Accuracy: 0.000000
Train Epoch: 471 	Loss: 208342.931310 	Accuracy: 0.000000
Train Epoch: 472 	Loss: 208328.077714 	Accuracy: 0.000000
Train Epoch: 473 	Loss: 208339.081242 	Accuracy: 0.000000
Train Epoch: 474 	Loss: 208345.211338 	Accuracy: 0.000000
Train Epoch: 475 	Loss: 208340.252832 	Accuracy: 0.000000
Train Epoch: 476 	Loss: 208342.800663 	Accuracy: 0.000000
Train Epoch: 477 	Loss: 208339.010965 	Accuracy: 0.000000
Train Epoch: 478 	Loss: 208342.560806 	Accuracy: 0.000000
Train Epoch: 479 	Loss: 208338.754497 	Accuracy: 0.000000
Train Epoch: 480 	Loss: 208341.244654 	Accuracy: 0.000000
Train Epoch: 481 	Loss: 208337.748454 	Accuracy: 0.000000
Train Epoch: 482 	Loss: 208342.773923 	Accuracy: 0.000000
Train Epoch: 483 	Loss: 208328.604962 	Accuracy: 0.000000
Train Epoch: 484 	Loss: 208338.572968 	Accuracy: 0.000000
Train Epoch: 485 	Loss: 208337.387068 	Accuracy: 0.000000
Train Epoch: 486 	Loss: 208336.241657 	Accuracy: 0.000000
Train Epoch: 487 	Loss: 208340.077759 	Accuracy: 0.000000
Train Epoch: 488 	Loss: 208340.097988 	Accuracy: 0.000000
Train Epoch: 489 	Loss: 208343.643065 	Accuracy: 0.000000
Train Epoch: 490 	Loss: 208334.793705 	Accuracy: 0.000000
Train Epoch: 491 	Loss: 208333.703069 	Accuracy: 0.000000
Train Epoch: 492 	Loss: 208345.217246 	Accuracy: 0.000000
Train Epoch: 493 	Loss: 208339.239284 	Accuracy: 0.000000
Train Epoch: 494 	Loss: 208339.294008 	Accuracy: 0.000000
Train Epoch: 495 	Loss: 208341.296746 	Accuracy: 0.000000
Train Epoch: 496 	Loss: 208329.020403 	Accuracy: 0.000000
Train Epoch: 497 	Loss: 208335.147267 	Accuracy: 0.000000
Train Epoch: 498 	Loss: 208342.811584 	Accuracy: 0.000000
Train Epoch: 499 	Loss: 208336.823972 	Accuracy: 0.000000
Train Epoch: 500 	Loss: 208338.116404 	Accuracy: 0.000000
8:49:52.582526
Traceback (most recent call last):
  File "/home/s1949624/RL_matching/main_network.py", line 178, in <module>
    test(args, model, device, test_dataset, kwargs)
  File "/home/s1949624/RL_matching/train_network.py", line 62, in test
    test_epoch(model, device, test_loader)
  File "/home/s1949624/RL_matching/train_network.py", line 73, in test_epoch
    test_loss += loss(output, target.to(device), reduction='sum').item()
  File "/local/s1949624/conda_envs/sanquin2/lib/python3.10/site-packages/torch/nn/modules/module.py", line 1501, in _call_impl
    return forward_call(*args, **kwargs)
TypeError: CrossEntropyLoss.forward() got an unexpected keyword argument 'reduction'
