cuda
Start training
Train Epoch: 1 	Train_loss: 0.6984 	Train_acc: 76.37
	Val_loss: 0.6608 	Val_acc: 80.46
Train Epoch: 2 	Train_loss: 0.4890 	Train_acc: 82.94
	Val_loss: 0.6517 	Val_acc: 80.77
Train Epoch: 3 	Train_loss: 0.4220 	Train_acc: 85.28
	Val_loss: 0.6731 	Val_acc: 80.69
Train Epoch: 4 	Train_loss: 0.3914 	Train_acc: 86.14
	Val_loss: 0.6862 	Val_acc: 80.68
Train Epoch: 5 	Train_loss: 0.3617 	Train_acc: 86.99
	Val_loss: 0.7069 	Val_acc: 79.87
Train Epoch: 6 	Train_loss: 0.3551 	Train_acc: 87.18
	Val_loss: 0.6908 	Val_acc: 79.85
Train Epoch: 7 	Train_loss: 0.3380 	Train_acc: 87.67
	Val_loss: 0.7309 	Val_acc: 78.05
Train Epoch: 8 	Train_loss: 0.3216 	Train_acc: 88.33
	Val_loss: 0.7226 	Val_acc: 79.05
Train Epoch: 9 	Train_loss: 0.3105 	Train_acc: 88.68
	Val_loss: 0.7531 	Val_acc: 78.18
Train Epoch: 10 	Train_loss: 0.2926 	Train_acc: 89.31
	Val_loss: 0.7863 	Val_acc: 77.54
Traceback (most recent call last):
  File "/home/s1949624/Sanquin/main_network.py", line 240, in <module>
    train(0, args, model, device, train_dataset, targets, val_dataset)
  File "/home/s1949624/Sanquin/train_network.py", line 111, in train
    torch.save(model.state_dict(), 'models/kickstart/{}/model_{}.pt'.format(args.seed, epoch))
  File "/local/s1949624/conda_envs/sanquin2/lib/python3.10/site-packages/torch/serialization.py", line 440, in save
    with _open_zipfile_writer(f) as opened_zipfile:
  File "/local/s1949624/conda_envs/sanquin2/lib/python3.10/site-packages/torch/serialization.py", line 315, in _open_zipfile_writer
    return container(name_or_buffer)
  File "/local/s1949624/conda_envs/sanquin2/lib/python3.10/site-packages/torch/serialization.py", line 288, in __init__
    super().__init__(torch._C.PyTorchFileWriter(str(name)))
RuntimeError: Parent directory models/kickstart/20 does not exist.
