CREATING ENVIRONMENT
CREATING DQN
alpha: 0.001, gamma: 0.99, batch size: 50.

Episode: 0
Day 0, reward -1627.0
Day 1, reward -1661.0
Day 2, reward -1422.0
Day 3, reward -2950.0
Day 4, reward -5678.0
Day 5, reward -350.0
Day 6, reward -2325.0
Day 7, reward -266.0
Day 8, reward -3568.0
Day 9, reward -2254.0
Day 10, reward -1511.0
Day 11, reward -2326.0
Day 12, reward -483.0
Day 13, reward -2530.0
Day 14, reward -2374.0
Day 15, reward -3995.0
Day 16, reward -3792.0
Day 17, reward -3206.0
Day 18, reward -2646.0
Day 19, reward -423.0
Day 20, reward -323.0
Day 21, reward -2869.0
Day 22, reward -3432.0
Day 23, reward -4347.0
Day 24, reward -2883.0
Day 25, reward -2573.0
Day 26, reward -1305.0
Day 27, reward -2752.0
Day 28, reward -4580.0
Day 29, reward -8308.0
Day 30, reward -5476.0
Day 31, reward -3398.0
Day 32, reward -3317.0
Day 33, reward -1116.0
Day 34, reward -1430.0
Day 35, reward -2722.0
Day 36, reward -4157.0
Day 37, reward -1867.0
Day 38, reward -2804.0
Day 39, reward -1111.0
Day 40, reward -1016.0
Day 41, reward -903.0
Day 42, reward -2580.0
Day 43, reward -4979.0
Day 44, reward -1726.0
Day 45, reward -3606.0
Day 46, reward -3322.0
Day 47, reward -1464.0
Day 48, reward -2457.0
Day 49, reward -2410.0
Day 50, reward -5627.0
Day 51, reward -1786.0
Day 52, reward -5067.0
Day 53, reward -2931.0
Day 54, reward -1404.0
Day 55, reward -2910.0
Day 56, reward -94.0
Day 57, reward -3999.0
Day 58, reward -2291.0
Day 59, reward -4268.0
Day 60, reward -5012.0
Day 61, reward -783.0
Day 62, reward -1124.0
Day 63, reward -2524.0
Day 64, reward -5417.0
Day 65, reward -3358.0
Day 66, reward -6439.0
Day 67, reward -3338.0
Day 68, reward -1811.0
Day 69, reward -1236.0
Day 70, reward -1909.0
Day 71, reward -2721.0
Day 72, reward -2151.0
Day 73, reward -3712.0
Day 74, reward -1502.0
Day 75, reward -1322.0
Day 76, reward -787.0
Day 77, reward -3554.0
Day 78, reward -5534.0
Day 79, reward -5054.0
Day 80, reward -5802.0
Day 81, reward -5096.0
Day 82, reward -1737.0
Day 83, reward -2763.0
Day 84, reward -2033.0
Day 85, reward -7570.0
Day 86, reward -2522.0
Day 87, reward -2607.0
Day 88, reward -467.0
Day 89, reward -725.0
Day 90, reward -1218.0
Day 91, reward -3694.0
Day 92, reward -5853.0
Day 93, reward -1861.0
Day 94, reward -3745.0
Day 95, reward -2301.0
Day 96, reward -2200.0
Day 97, reward -1600.0
Day 98, reward -3657.0
Day 99, reward -6093.0
Day 100, reward -3250.0
Day 101, reward -5332.0
Day 102, reward -2400.0
Day 103, reward -2289.0
Day 104, reward -613.0
Day 105, reward -2883.0
Day 106, reward -4377.0
Day 107, reward -3869.0
Day 108, reward -5329.0
Day 109, reward -1442.0
Day 110, reward -3500.0
Day 111, reward -1350.0
Day 112, reward -2633.0
Day 113, reward -2750.0
Day 114, reward -8305.0
Day 115, reward -5915.0
Day 116, reward -3610.0
Day 117, reward -1732.0
Day 118, reward -1611.0
Day 119, reward -5520.0
Day 120, reward -3100.0
Day 121, reward -4920.0
Day 122, reward -3125.0
Day 123, reward -3747.0
Day 124, reward -3268.0
Day 125, reward -2061.0
Day 126, reward -6734.0
Day 127, reward -3300.0
Day 128, reward -1710.0
Day 129, reward -2265.0
Day 130, reward -2289.0
Day 131, reward -570.0
Day 132, reward -1150.0
Day 133, reward -2215.0
Day 134, reward -338.0
Day 135, reward -2540.0
Day 136, reward -2299.0
Day 137, reward -2701.0
Day 138, reward -691.0
Day 139, reward -204.0
Day 140, reward -906.0
Day 141, reward -2411.0
Day 142, reward -3476.0
Day 143, reward -4255.0
Day 144, reward -10200.0
Day 145, reward -2511.0
Day 146, reward -807.0
Day 147, reward -1500.0
Day 148, reward -4274.0
Day 149, reward -1565.0
Day 150, reward -3200.0
Day 151, reward -2521.0
Day 152, reward -450.0
Day 153, reward -1690.0
Day 154, reward -1450.0
Day 155, reward -5348.0
Day 156, reward -2783.0
Day 157, reward -3159.0
Day 158, reward -1016.0
Day 159, reward -1330.0
Day 160, reward -1567.0
Day 161, reward -2050.0
Day 162, reward -4330.0
Day 163, reward -1072.0
Day 164, reward -4549.0
Day 165, reward -1345.0
Day 166, reward -2158.0
Day 167, reward -833.0
Day 168, reward -3810.0
Day 169, reward -6601.0
Day 170, reward -3980.0
Day 171, reward -5019.0
Day 172, reward -1350.0
Day 173, reward -2913.0
Day 174, reward 0.0
Day 175, reward -4124.0
Day 176, reward -4132.0
Day 177, reward -4418.0
Day 178, reward -4643.0
Day 179, reward -1500.0
Day 180, reward -1325.0
Day 181, reward -1061.0
Day 182, reward -2885.0
Day 183, reward -3628.0
Day 184, reward -5205.0
Day 185, reward -8612.0
Day 186, reward -3850.0
Day 187, reward -4510.0
Day 188, reward -1400.0
Day 189, reward -2340.0
Day 190, reward -2603.0
Day 191, reward -4766.0
Day 192, reward -4031.0
Day 193, reward -1597.0
Day 194, reward -2658.0
Day 195, reward -850.0
Day 196, reward -1209.0
Day 197, reward -1161.0
Day 198, reward -4734.0
Day 199, reward -2822.0
Day 200, reward -3292.0
Day 201, reward -361.0
Day 202, reward -1975.0
Day 203, reward -5704.0
Day 204, reward -5250.0
Day 205, reward -8106.0
Day 206, reward -3411.0
Day 207, reward -3822.0
Day 208, reward -953.0
Day 209, reward -1440.0
Day 210, reward -3502.0
Day 211, reward -2600.0
Day 212, reward -5307.0
Day 213, reward -3983.0
Day 214, reward -7667.0
Day 215, reward -1791.0
Day 216, reward -2084.0
Day 217, reward -2975.0
Day 218, reward -3016.0
Day 219, reward -2768.0
Day 220, reward -1950.0
Day 221, reward -1805.0
Day 222, reward -250.0
Day 223, reward -3760.0
Day 224, reward -2758.0
Day 225, reward -5467.0
Day 226, reward -7082.0
Day 227, reward -4830.0
Day 228, reward -7394.0
Day 229, reward -1922.0
Day 230, reward -820.0
Day 231, reward -1572.0
Day 232, reward -3598.0
Day 233, reward -4251.0
Day 234, reward -4521.0
Day 235, reward -3535.0
Day 236, reward -1100.0
Day 237, reward -2879.0
Day 238, reward -2450.0
Day 239, reward -6919.0
Day 240, reward -4022.0
Day 241, reward -7142.0
Day 242, reward -2329.0
Day 243, reward -2252.0
Day 244, reward -1198.0
Day 245, reward -1061.0
Day 246, reward -10225.0
Day 247, reward -4750.0
Day 248, reward -5866.0
Day 249, reward -3539.0
Day 250, reward -1856.0
Day 251, reward -2973.0
Day 252, reward -2161.0
Day 253, reward -6772.0
Day 254, reward -4200.0
Day 255, reward -9888.0
Day 256, reward -4243.0
Day 257, reward -1863.0
Day 258, reward -2406.0
Day 259, reward -1911.0
Day 260, reward -3346.0
Day 261, reward -3172.0
Day 262, reward -3945.0
Day 263, reward -1459.0
Day 264, reward -2522.0
Day 265, reward -1051.0
Day 266, reward -2530.0
Day 267, reward -1557.0
Day 268, reward -1932.0
Day 269, reward -3645.0
Day 270, reward -761.0
Day 271, reward -1322.0
Day 272, reward -661.0
Day 273, reward -2671.0
Day 274, reward -2252.0
Day 275, reward -4145.0
Day 276, reward -5256.0
Day 277, reward -2000.0
Day 278, reward -2103.0
Day 279, reward -250.0
Day 280, reward -5948.0
Day 281, reward -2734.0
Day 282, reward -3816.0
Day 283, reward -3248.0
Day 284, reward -2854.0
Day 285, reward -2377.0
Day 286, reward -772.0
Day 287, reward -3048.0
Day 288, reward -2411.0
Day 289, reward -4142.0
Day 290, reward -4165.0
Day 291, reward -3200.0
Day 292, reward -3995.0
Day 293, reward -2450.0
Day 294, reward -5075.0
Day 295, reward -4000.0
Day 296, reward -7028.0
Day 297, reward -4823.0
Day 298, reward -2857.0
Day 299, reward -373.0
./shells/epsilons.sh: line 2: 13708 Killed                  python3 -u experiments.py --epsilon 0.4
CREATING ENVIRONMENT
CREATING DQN
alpha: 0.001, gamma: 0.99, batch size: 50.

Episode: 0
./shells/epsilons.sh: line 3: 13861 Killed                  python3 -u experiments.py --epsilon 0.6
CREATING ENVIRONMENT
CREATING DQN
./shells/epsilons.sh: line 4: 13879 Killed                  python3 -u experiments.py --epsilon 0.8
