2023-04-30 15:33:23.942902: I tensorflow/core/util/port.cc:110] oneDNN custom operations are on. You may see slightly different numerical results due to floating-point round-off errors from different computation orders. To turn them off, set the environment variable `TF_ENABLE_ONEDNN_OPTS=0`.
2023-04-30 15:33:24.003869: I tensorflow/core/platform/cpu_feature_guard.cc:182] This TensorFlow binary is optimized to use available CPU instructions in performance-critical operations.
To enable the following instructions: AVX2 AVX512F AVX512_VNNI FMA, in other operations, rebuild TensorFlow with the appropriate compiler flags.
2023-04-30 15:33:24.771401: W tensorflow/compiler/tf2tensorrt/utils/py_utils.cc:38] TF-TRT Warning: Could not find TensorRT
CREATING ENVIRONMENT
CREATING DQN
2023-04-30 15:33:28.830371: I tensorflow/core/common_runtime/gpu/gpu_device.cc:1635] Created device /job:localhost/replica:0/task:0/device:GPU:0 with 508 MB memory:  -> device: 0, name: NVIDIA GeForce RTX 3090, pci bus id: 0000:3b:00.0, compute capability: 8.6
2023-04-30 15:33:28.831019: I tensorflow/core/common_runtime/gpu/gpu_device.cc:1635] Created device /job:localhost/replica:0/task:0/device:GPU:1 with 1947 MB memory:  -> device: 1, name: NVIDIA GeForce RTX 3090, pci bus id: 0000:af:00.0, compute capability: 8.6
alpha: 0.01, gamma: 0.5, batch size: 50.

Episode: 0
Day 0, reward 0
WARNING:absl:Found untraced functions such as _update_step_xla while saving (showing 1 of 1). These functions will not be directly callable after loading.
Day 1, reward 0.0
Day 2, reward -82.0
2023-04-30 15:33:34.639116: I tensorflow/compiler/xla/stream_executor/cuda/cuda_blas.cc:637] TensorFloat-32 will be used for the matrix multiplication. This will only be logged once.
Day 3, reward -1702.0
Day 4, reward -3704.0
Day 5, reward -2504.0
Day 6, reward -2553.0
Day 7, reward -2684.0
Day 8, reward -1271.0
Day 9, reward -2264.0
Day 10, reward -2951.0
Day 11, reward -1462.0
Day 12, reward -2002.0
Day 13, reward -1533.0
Day 14, reward -2280.0
Day 15, reward -1511.0
Day 16, reward -1260.0
Day 17, reward -1653.0
Day 18, reward -1811.0
Day 19, reward -1402.0
Day 20, reward -1402.0
Day 21, reward -1391.0
Day 22, reward -1980.0
Day 23, reward -1931.0
Day 24, reward -2422.0
Day 25, reward -1162.0
Day 26, reward -1871.0
Day 27, reward -1140.0
Day 28, reward -2160.0
Day 29, reward -1620.0
Day 30, reward -2864.0
Day 31, reward -813.0
Day 32, reward -2471.0
Day 33, reward -862.0
Day 34, reward -2793.0
Day 35, reward -1440.0
Day 36, reward -3480.0
Day 37, reward -1691.0
Day 38, reward -1740.0
Day 39, reward -1980.0
Day 40, reward -2280.0
Day 41, reward -2302.0
Day 42, reward -2891.0
Day 43, reward -1762.0
Day 44, reward -2771.0
Day 45, reward -2711.0
Day 46, reward -3573.0
Day 47, reward -1342.0
Day 48, reward -2111.0
Day 49, reward -2411.0
Day 50, reward -2700.0
Day 51, reward -2111.0
Day 52, reward -2411.0
Day 53, reward -1162.0
Day 54, reward -1582.0
Day 55, reward -1271.0
Day 56, reward -2722.0
Day 57, reward -2253.0
Day 58, reward -1571.0
Day 59, reward -1691.0
Day 60, reward -1691.0
Day 61, reward -1522.0
Day 62, reward -2182.0
Day 63, reward -1751.0
Day 64, reward -2520.0
Day 65, reward -2111.0
Day 66, reward -2002.0
Day 67, reward -1320.0
Day 68, reward -1871.0
Day 69, reward -1582.0
2023-04-30 15:34:48.017174: I tensorflow/core/common_runtime/executor.cc:1197] [/device:CPU:0] (DEBUG INFO) Executor start aborting (this does not indicate an error and you can ignore this message): INVALID_ARGUMENT: You must feed a value for placeholder tensor 'Placeholder/_1' with dtype float and shape [50,8]
	 [[{{node Placeholder/_1}}]]
2023-04-30 15:34:49.077589: I tensorflow/compiler/xla/service/service.cc:169] XLA service 0x7f4821d28b90 initialized for platform CUDA (this does not guarantee that XLA will be used). Devices:
2023-04-30 15:34:49.077633: I tensorflow/compiler/xla/service/service.cc:177]   StreamExecutor device (0): NVIDIA GeForce RTX 3090, Compute Capability 8.6
2023-04-30 15:34:49.077642: I tensorflow/compiler/xla/service/service.cc:177]   StreamExecutor device (1): NVIDIA GeForce RTX 3090, Compute Capability 8.6
2023-04-30 15:34:49.084280: I tensorflow/compiler/mlir/tensorflow/utils/dump_mlir_util.cc:269] disabling MLIR crash reproducer, set env var `MLIR_CRASH_REPRODUCER_DIRECTORY` to enable.
2023-04-30 15:34:49.533677: I tensorflow/compiler/xla/stream_executor/cuda/cuda_dnn.cc:424] Loaded cuDNN version 8800
2023-04-30 15:34:50.017721: I ./tensorflow/compiler/jit/device_compiler.h:180] Compiled cluster using XLA!  This line is logged at most once for the lifetime of the process.
Day 70, reward -2531.0
2023-04-30 15:35:05.932293: I tensorflow/core/common_runtime/executor.cc:1197] [/device:CPU:0] (DEBUG INFO) Executor start aborting (this does not indicate an error and you can ignore this message): INVALID_ARGUMENT: You must feed a value for placeholder tensor 'Placeholder/_1' with dtype float and shape [50,8]
	 [[{{node Placeholder/_1}}]]
Day 71, reward -2280.0
2023-04-30 15:35:19.478612: I tensorflow/core/common_runtime/executor.cc:1197] [/device:CPU:0] (DEBUG INFO) Executor start aborting (this does not indicate an error and you can ignore this message): INVALID_ARGUMENT: You must feed a value for placeholder tensor 'Placeholder/_1' with dtype float and shape [50,8]
	 [[{{node Placeholder/_1}}]]
Day 72, reward -2422.0
2023-04-30 15:35:32.413087: I tensorflow/core/common_runtime/executor.cc:1197] [/device:CPU:0] (DEBUG INFO) Executor start aborting (this does not indicate an error and you can ignore this message): INVALID_ARGUMENT: You must feed a value for placeholder tensor 'Placeholder/_1' with dtype float and shape [50,8]
	 [[{{node Placeholder/_1}}]]
Day 73, reward -1620.0
2023-04-30 15:35:46.110271: I tensorflow/core/common_runtime/executor.cc:1197] [/device:CPU:0] (DEBUG INFO) Executor start aborting (this does not indicate an error and you can ignore this message): INVALID_ARGUMENT: You must feed a value for placeholder tensor 'Placeholder/_1' with dtype float and shape [50,8]
	 [[{{node Placeholder/_1}}]]
Day 74, reward -1980.0
2023-04-30 15:35:59.324788: I tensorflow/core/common_runtime/executor.cc:1197] [/device:CPU:0] (DEBUG INFO) Executor start aborting (this does not indicate an error and you can ignore this message): INVALID_ARGUMENT: You must feed a value for placeholder tensor 'Placeholder/_1' with dtype float and shape [50,8]
	 [[{{node Placeholder/_1}}]]
Day 75, reward -1260.0
2023-04-30 15:36:12.744490: I tensorflow/core/common_runtime/executor.cc:1197] [/device:CPU:0] (DEBUG INFO) Executor start aborting (this does not indicate an error and you can ignore this message): INVALID_ARGUMENT: You must feed a value for placeholder tensor 'Placeholder/_1' with dtype float and shape [50,8]
	 [[{{node Placeholder/_1}}]]
Day 76, reward -922.0
2023-04-30 15:36:25.710991: I tensorflow/core/common_runtime/executor.cc:1197] [/device:CPU:0] (DEBUG INFO) Executor start aborting (this does not indicate an error and you can ignore this message): INVALID_ARGUMENT: You must feed a value for placeholder tensor 'Placeholder/_1' with dtype float and shape [50,8]
	 [[{{node Placeholder/_1}}]]
Day 77, reward -1124.0
2023-04-30 15:36:38.684946: I tensorflow/core/common_runtime/executor.cc:1197] [/device:CPU:0] (DEBUG INFO) Executor start aborting (this does not indicate an error and you can ignore this message): INVALID_ARGUMENT: You must feed a value for placeholder tensor 'Placeholder/_1' with dtype float and shape [50,8]
	 [[{{node Placeholder/_1}}]]
Day 78, reward -1353.0
2023-04-30 15:36:53.796001: I tensorflow/core/common_runtime/executor.cc:1197] [/device:CPU:0] (DEBUG INFO) Executor start aborting (this does not indicate an error and you can ignore this message): INVALID_ARGUMENT: You must feed a value for placeholder tensor 'Placeholder/_1' with dtype float and shape [50,8]
	 [[{{node Placeholder/_1}}]]
Day 79, reward -1522.0
2023-04-30 15:37:11.790070: I tensorflow/core/common_runtime/executor.cc:1197] [/device:CPU:0] (DEBUG INFO) Executor start aborting (this does not indicate an error and you can ignore this message): INVALID_ARGUMENT: You must feed a value for placeholder tensor 'Placeholder/_1' with dtype float and shape [50,8]
	 [[{{node Placeholder/_1}}]]
Day 80, reward -557.0
2023-04-30 15:37:30.984373: I tensorflow/core/common_runtime/executor.cc:1197] [/device:CPU:0] (DEBUG INFO) Executor start aborting (this does not indicate an error and you can ignore this message): INVALID_ARGUMENT: You must feed a value for placeholder tensor 'Placeholder/_1' with dtype float and shape [50,8]
	 [[{{node Placeholder/_1}}]]
Day 81, reward -791.0
2023-04-30 15:37:48.469581: I tensorflow/core/common_runtime/executor.cc:1197] [/device:CPU:0] (DEBUG INFO) Executor start aborting (this does not indicate an error and you can ignore this message): INVALID_ARGUMENT: You must feed a value for placeholder tensor 'Placeholder/_1' with dtype float and shape [50,8]
	 [[{{node Placeholder/_1}}]]
Day 82, reward -606.0
2023-04-30 15:38:05.095752: I tensorflow/core/common_runtime/executor.cc:1197] [/device:CPU:0] (DEBUG INFO) Executor start aborting (this does not indicate an error and you can ignore this message): INVALID_ARGUMENT: You must feed a value for placeholder tensor 'Placeholder/_1' with dtype float and shape [50,8]
	 [[{{node Placeholder/_1}}]]
Day 83, reward -917.0
2023-04-30 15:38:20.979315: I tensorflow/core/common_runtime/executor.cc:1197] [/device:CPU:0] (DEBUG INFO) Executor start aborting (this does not indicate an error and you can ignore this message): INVALID_ARGUMENT: You must feed a value for placeholder tensor 'Placeholder/_1' with dtype float and shape [50,8]
	 [[{{node Placeholder/_1}}]]
Day 84, reward -715.0
2023-04-30 15:38:37.636221: I tensorflow/core/common_runtime/executor.cc:1197] [/device:CPU:0] (DEBUG INFO) Executor start aborting (this does not indicate an error and you can ignore this message): INVALID_ARGUMENT: You must feed a value for placeholder tensor 'Placeholder/_1' with dtype float and shape [50,8]
	 [[{{node Placeholder/_1}}]]
Day 85, reward -1691.0
2023-04-30 15:38:54.588166: I tensorflow/core/common_runtime/executor.cc:1197] [/device:CPU:0] (DEBUG INFO) Executor start aborting (this does not indicate an error and you can ignore this message): INVALID_ARGUMENT: You must feed a value for placeholder tensor 'Placeholder/_1' with dtype float and shape [50,8]
	 [[{{node Placeholder/_1}}]]
Day 86, reward -851.0
2023-04-30 15:39:12.897485: I tensorflow/core/common_runtime/executor.cc:1197] [/device:CPU:0] (DEBUG INFO) Executor start aborting (this does not indicate an error and you can ignore this message): INVALID_ARGUMENT: You must feed a value for placeholder tensor 'Placeholder/_1' with dtype float and shape [50,8]
	 [[{{node Placeholder/_1}}]]
Day 87, reward -1402.0
2023-04-30 15:39:29.373614: I tensorflow/core/common_runtime/executor.cc:1197] [/device:CPU:0] (DEBUG INFO) Executor start aborting (this does not indicate an error and you can ignore this message): INVALID_ARGUMENT: You must feed a value for placeholder tensor 'Placeholder/_1' with dtype float and shape [50,8]
	 [[{{node Placeholder/_1}}]]
Day 88, reward -1184.0
2023-04-30 15:39:47.701921: I tensorflow/core/common_runtime/executor.cc:1197] [/device:CPU:0] (DEBUG INFO) Executor start aborting (this does not indicate an error and you can ignore this message): INVALID_ARGUMENT: You must feed a value for placeholder tensor 'Placeholder/_1' with dtype float and shape [50,8]
	 [[{{node Placeholder/_1}}]]
Day 89, reward -2100.0
2023-04-30 15:40:03.329504: I tensorflow/core/common_runtime/executor.cc:1197] [/device:CPU:0] (DEBUG INFO) Executor start aborting (this does not indicate an error and you can ignore this message): INVALID_ARGUMENT: You must feed a value for placeholder tensor 'Placeholder/_1' with dtype float and shape [50,8]
	 [[{{node Placeholder/_1}}]]
Day 90, reward -1462.0
2023-04-30 15:40:18.557357: I tensorflow/core/common_runtime/executor.cc:1197] [/device:CPU:0] (DEBUG INFO) Executor start aborting (this does not indicate an error and you can ignore this message): INVALID_ARGUMENT: You must feed a value for placeholder tensor 'Placeholder/_1' with dtype float and shape [50,8]
	 [[{{node Placeholder/_1}}]]
Day 91, reward -1440.0
2023-04-30 15:40:36.393096: I tensorflow/core/common_runtime/executor.cc:1197] [/device:CPU:0] (DEBUG INFO) Executor start aborting (this does not indicate an error and you can ignore this message): INVALID_ARGUMENT: You must feed a value for placeholder tensor 'Placeholder/_1' with dtype float and shape [50,8]
	 [[{{node Placeholder/_1}}]]
Day 92, reward -1451.0
2023-04-30 15:40:53.123223: I tensorflow/core/common_runtime/executor.cc:1197] [/device:CPU:0] (DEBUG INFO) Executor start aborting (this does not indicate an error and you can ignore this message): INVALID_ARGUMENT: You must feed a value for placeholder tensor 'Placeholder/_1' with dtype float and shape [50,8]
	 [[{{node Placeholder/_1}}]]
Day 93, reward -2111.0
2023-04-30 15:41:09.705427: I tensorflow/core/common_runtime/executor.cc:1197] [/device:CPU:0] (DEBUG INFO) Executor start aborting (this does not indicate an error and you can ignore this message): INVALID_ARGUMENT: You must feed a value for placeholder tensor 'Placeholder/_1' with dtype float and shape [50,8]
	 [[{{node Placeholder/_1}}]]
Day 94, reward -2133.0
2023-04-30 15:41:26.557605: I tensorflow/core/common_runtime/executor.cc:1197] [/device:CPU:0] (DEBUG INFO) Executor start aborting (this does not indicate an error and you can ignore this message): INVALID_ARGUMENT: You must feed a value for placeholder tensor 'Placeholder/_1' with dtype float and shape [50,8]
	 [[{{node Placeholder/_1}}]]
Day 95, reward -2182.0
2023-04-30 15:41:44.006364: I tensorflow/core/common_runtime/executor.cc:1197] [/device:CPU:0] (DEBUG INFO) Executor start aborting (this does not indicate an error and you can ignore this message): INVALID_ARGUMENT: You must feed a value for placeholder tensor 'Placeholder/_1' with dtype float and shape [50,8]
	 [[{{node Placeholder/_1}}]]
Day 96, reward -2291.0
2023-04-30 15:42:01.720796: I tensorflow/core/common_runtime/executor.cc:1197] [/device:CPU:0] (DEBUG INFO) Executor start aborting (this does not indicate an error and you can ignore this message): INVALID_ARGUMENT: You must feed a value for placeholder tensor 'Placeholder/_1' with dtype float and shape [50,8]
	 [[{{node Placeholder/_1}}]]
Day 97, reward -2171.0
2023-04-30 15:42:19.802246: I tensorflow/core/common_runtime/executor.cc:1197] [/device:CPU:0] (DEBUG INFO) Executor start aborting (this does not indicate an error and you can ignore this message): INVALID_ARGUMENT: You must feed a value for placeholder tensor 'Placeholder/_1' with dtype float and shape [50,8]
	 [[{{node Placeholder/_1}}]]
Day 98, reward -3442.0
2023-04-30 15:42:37.218639: I tensorflow/core/common_runtime/executor.cc:1197] [/device:CPU:0] (DEBUG INFO) Executor start aborting (this does not indicate an error and you can ignore this message): INVALID_ARGUMENT: You must feed a value for placeholder tensor 'Placeholder/_1' with dtype float and shape [50,8]
	 [[{{node Placeholder/_1}}]]
Day 99, reward -2193.0
2023-04-30 15:42:53.840400: I tensorflow/core/common_runtime/executor.cc:1197] [/device:CPU:0] (DEBUG INFO) Executor start aborting (this does not indicate an error and you can ignore this message): INVALID_ARGUMENT: You must feed a value for placeholder tensor 'Placeholder/_1' with dtype float and shape [50,8]
	 [[{{node Placeholder/_1}}]]
Day 100, reward -1484.0
2023-04-30 15:43:11.737140: I tensorflow/core/common_runtime/executor.cc:1197] [/device:CPU:0] (DEBUG INFO) Executor start aborting (this does not indicate an error and you can ignore this message): INVALID_ARGUMENT: You must feed a value for placeholder tensor 'Placeholder/_1' with dtype float and shape [50,8]
	 [[{{node Placeholder/_1}}]]
Day 101, reward -1260.0
2023-04-30 15:43:29.836487: I tensorflow/core/common_runtime/executor.cc:1197] [/device:CPU:0] (DEBUG INFO) Executor start aborting (this does not indicate an error and you can ignore this message): INVALID_ARGUMENT: You must feed a value for placeholder tensor 'Placeholder/_1' with dtype float and shape [50,8]
	 [[{{node Placeholder/_1}}]]
Day 102, reward -2422.0
2023-04-30 15:43:46.953511: I tensorflow/core/common_runtime/executor.cc:1197] [/device:CPU:0] (DEBUG INFO) Executor start aborting (this does not indicate an error and you can ignore this message): INVALID_ARGUMENT: You must feed a value for placeholder tensor 'Placeholder/_1' with dtype float and shape [50,8]
	 [[{{node Placeholder/_1}}]]
Day 103, reward -1680.0
2023-04-30 15:44:06.549480: I tensorflow/core/common_runtime/executor.cc:1197] [/device:CPU:0] (DEBUG INFO) Executor start aborting (this does not indicate an error and you can ignore this message): INVALID_ARGUMENT: You must feed a value for placeholder tensor 'Placeholder/_1' with dtype float and shape [50,8]
	 [[{{node Placeholder/_1}}]]
Day 104, reward -1620.0
2023-04-30 15:44:26.129911: I tensorflow/core/common_runtime/executor.cc:1197] [/device:CPU:0] (DEBUG INFO) Executor start aborting (this does not indicate an error and you can ignore this message): INVALID_ARGUMENT: You must feed a value for placeholder tensor 'Placeholder/_1' with dtype float and shape [50,8]
	 [[{{node Placeholder/_1}}]]
Day 105, reward -2831.0
2023-04-30 15:44:44.003322: I tensorflow/core/common_runtime/executor.cc:1197] [/device:CPU:0] (DEBUG INFO) Executor start aborting (this does not indicate an error and you can ignore this message): INVALID_ARGUMENT: You must feed a value for placeholder tensor 'Placeholder/_1' with dtype float and shape [50,8]
	 [[{{node Placeholder/_1}}]]
Day 106, reward -2291.0
2023-04-30 15:45:00.897577: I tensorflow/core/common_runtime/executor.cc:1197] [/device:CPU:0] (DEBUG INFO) Executor start aborting (this does not indicate an error and you can ignore this message): INVALID_ARGUMENT: You must feed a value for placeholder tensor 'Placeholder/_1' with dtype float and shape [50,8]
	 [[{{node Placeholder/_1}}]]
Day 107, reward -1135.0
2023-04-30 15:45:17.008507: I tensorflow/core/common_runtime/executor.cc:1197] [/device:CPU:0] (DEBUG INFO) Executor start aborting (this does not indicate an error and you can ignore this message): INVALID_ARGUMENT: You must feed a value for placeholder tensor 'Placeholder/_1' with dtype float and shape [50,8]
	 [[{{node Placeholder/_1}}]]
Day 108, reward -1293.0
2023-04-30 15:45:33.421315: I tensorflow/core/common_runtime/executor.cc:1197] [/device:CPU:0] (DEBUG INFO) Executor start aborting (this does not indicate an error and you can ignore this message): INVALID_ARGUMENT: You must feed a value for placeholder tensor 'Placeholder/_1' with dtype float and shape [50,8]
	 [[{{node Placeholder/_1}}]]
Day 109, reward -764.0
2023-04-30 15:45:51.841545: I tensorflow/core/common_runtime/executor.cc:1197] [/device:CPU:0] (DEBUG INFO) Executor start aborting (this does not indicate an error and you can ignore this message): INVALID_ARGUMENT: You must feed a value for placeholder tensor 'Placeholder/_1' with dtype float and shape [50,8]
	 [[{{node Placeholder/_1}}]]
Day 110, reward -1304.0
2023-04-30 15:46:09.142625: I tensorflow/core/common_runtime/executor.cc:1197] [/device:CPU:0] (DEBUG INFO) Executor start aborting (this does not indicate an error and you can ignore this message): INVALID_ARGUMENT: You must feed a value for placeholder tensor 'Placeholder/_1' with dtype float and shape [50,8]
	 [[{{node Placeholder/_1}}]]
Day 111, reward -933.0
2023-04-30 15:46:27.016929: I tensorflow/core/common_runtime/executor.cc:1197] [/device:CPU:0] (DEBUG INFO) Executor start aborting (this does not indicate an error and you can ignore this message): INVALID_ARGUMENT: You must feed a value for placeholder tensor 'Placeholder/_1' with dtype float and shape [50,8]
	 [[{{node Placeholder/_1}}]]
Day 112, reward -1271.0
2023-04-30 15:46:46.429084: I tensorflow/core/common_runtime/executor.cc:1197] [/device:CPU:0] (DEBUG INFO) Executor start aborting (this does not indicate an error and you can ignore this message): INVALID_ARGUMENT: You must feed a value for placeholder tensor 'Placeholder/_1' with dtype float and shape [50,8]
	 [[{{node Placeholder/_1}}]]
Day 113, reward -1075.0
2023-04-30 15:47:02.603151: I tensorflow/core/common_runtime/executor.cc:1197] [/device:CPU:0] (DEBUG INFO) Executor start aborting (this does not indicate an error and you can ignore this message): INVALID_ARGUMENT: You must feed a value for placeholder tensor 'Placeholder/_1' with dtype float and shape [50,8]
	 [[{{node Placeholder/_1}}]]
Day 114, reward -666.0
2023-04-30 15:47:18.946317: I tensorflow/core/common_runtime/executor.cc:1197] [/device:CPU:0] (DEBUG INFO) Executor start aborting (this does not indicate an error and you can ignore this message): INVALID_ARGUMENT: You must feed a value for placeholder tensor 'Placeholder/_1' with dtype float and shape [50,8]
	 [[{{node Placeholder/_1}}]]
Day 115, reward -1811.0
2023-04-30 15:47:34.610949: I tensorflow/core/common_runtime/executor.cc:1197] [/device:CPU:0] (DEBUG INFO) Executor start aborting (this does not indicate an error and you can ignore this message): INVALID_ARGUMENT: You must feed a value for placeholder tensor 'Placeholder/_1' with dtype float and shape [50,8]
	 [[{{node Placeholder/_1}}]]
Day 116, reward -682.0
2023-04-30 15:47:50.134122: I tensorflow/core/common_runtime/executor.cc:1197] [/device:CPU:0] (DEBUG INFO) Executor start aborting (this does not indicate an error and you can ignore this message): INVALID_ARGUMENT: You must feed a value for placeholder tensor 'Placeholder/_1' with dtype float and shape [50,8]
	 [[{{node Placeholder/_1}}]]
Day 117, reward -1380.0
2023-04-30 15:48:07.427177: I tensorflow/core/common_runtime/executor.cc:1197] [/device:CPU:0] (DEBUG INFO) Executor start aborting (this does not indicate an error and you can ignore this message): INVALID_ARGUMENT: You must feed a value for placeholder tensor 'Placeholder/_1' with dtype float and shape [50,8]
	 [[{{node Placeholder/_1}}]]
Day 118, reward -1691.0
2023-04-30 15:48:24.205875: I tensorflow/core/common_runtime/executor.cc:1197] [/device:CPU:0] (DEBUG INFO) Executor start aborting (this does not indicate an error and you can ignore this message): INVALID_ARGUMENT: You must feed a value for placeholder tensor 'Placeholder/_1' with dtype float and shape [50,8]
	 [[{{node Placeholder/_1}}]]
Day 119, reward -1751.0
2023-04-30 15:48:40.686436: I tensorflow/core/common_runtime/executor.cc:1197] [/device:CPU:0] (DEBUG INFO) Executor start aborting (this does not indicate an error and you can ignore this message): INVALID_ARGUMENT: You must feed a value for placeholder tensor 'Placeholder/_1' with dtype float and shape [50,8]
	 [[{{node Placeholder/_1}}]]
Day 120, reward -911.0
2023-04-30 15:48:57.125695: I tensorflow/core/common_runtime/executor.cc:1197] [/device:CPU:0] (DEBUG INFO) Executor start aborting (this does not indicate an error and you can ignore this message): INVALID_ARGUMENT: You must feed a value for placeholder tensor 'Placeholder/_1' with dtype float and shape [50,8]
	 [[{{node Placeholder/_1}}]]
Day 121, reward -1380.0
2023-04-30 15:49:10.908693: I tensorflow/core/common_runtime/executor.cc:1197] [/device:CPU:0] (DEBUG INFO) Executor start aborting (this does not indicate an error and you can ignore this message): INVALID_ARGUMENT: You must feed a value for placeholder tensor 'Placeholder/_1' with dtype float and shape [50,8]
	 [[{{node Placeholder/_1}}]]
Day 122, reward -1811.0
2023-04-30 15:49:29.622435: I tensorflow/core/common_runtime/executor.cc:1197] [/device:CPU:0] (DEBUG INFO) Executor start aborting (this does not indicate an error and you can ignore this message): INVALID_ARGUMENT: You must feed a value for placeholder tensor 'Placeholder/_1' with dtype float and shape [50,8]
	 [[{{node Placeholder/_1}}]]
Day 123, reward -2171.0
2023-04-30 15:49:46.295912: I tensorflow/core/common_runtime/executor.cc:1197] [/device:CPU:0] (DEBUG INFO) Executor start aborting (this does not indicate an error and you can ignore this message): INVALID_ARGUMENT: You must feed a value for placeholder tensor 'Placeholder/_1' with dtype float and shape [50,8]
	 [[{{node Placeholder/_1}}]]
Day 124, reward -731.0
2023-04-30 15:50:02.664708: I tensorflow/core/common_runtime/executor.cc:1197] [/device:CPU:0] (DEBUG INFO) Executor start aborting (this does not indicate an error and you can ignore this message): INVALID_ARGUMENT: You must feed a value for placeholder tensor 'Placeholder/_1' with dtype float and shape [50,8]
	 [[{{node Placeholder/_1}}]]
Day 125, reward -1953.0
2023-04-30 15:50:20.437365: I tensorflow/core/common_runtime/executor.cc:1197] [/device:CPU:0] (DEBUG INFO) Executor start aborting (this does not indicate an error and you can ignore this message): INVALID_ARGUMENT: You must feed a value for placeholder tensor 'Placeholder/_1' with dtype float and shape [50,8]
	 [[{{node Placeholder/_1}}]]
Day 126, reward -2891.0
2023-04-30 15:50:37.114634: I tensorflow/core/common_runtime/executor.cc:1197] [/device:CPU:0] (DEBUG INFO) Executor start aborting (this does not indicate an error and you can ignore this message): INVALID_ARGUMENT: You must feed a value for placeholder tensor 'Placeholder/_1' with dtype float and shape [50,8]
	 [[{{node Placeholder/_1}}]]
Day 127, reward -2100.0
2023-04-30 15:50:53.081161: I tensorflow/core/common_runtime/executor.cc:1197] [/device:CPU:0] (DEBUG INFO) Executor start aborting (this does not indicate an error and you can ignore this message): INVALID_ARGUMENT: You must feed a value for placeholder tensor 'Placeholder/_1' with dtype float and shape [50,8]
	 [[{{node Placeholder/_1}}]]
Day 128, reward -982.0
2023-04-30 15:51:09.617974: I tensorflow/core/common_runtime/executor.cc:1197] [/device:CPU:0] (DEBUG INFO) Executor start aborting (this does not indicate an error and you can ignore this message): INVALID_ARGUMENT: You must feed a value for placeholder tensor 'Placeholder/_1' with dtype float and shape [50,8]
	 [[{{node Placeholder/_1}}]]
Day 129, reward -1140.0
2023-04-30 15:51:30.650024: I tensorflow/core/common_runtime/executor.cc:1197] [/device:CPU:0] (DEBUG INFO) Executor start aborting (this does not indicate an error and you can ignore this message): INVALID_ARGUMENT: You must feed a value for placeholder tensor 'Placeholder/_1' with dtype float and shape [50,8]
	 [[{{node Placeholder/_1}}]]
Day 130, reward -2280.0
2023-04-30 15:51:49.899315: I tensorflow/core/common_runtime/executor.cc:1197] [/device:CPU:0] (DEBUG INFO) Executor start aborting (this does not indicate an error and you can ignore this message): INVALID_ARGUMENT: You must feed a value for placeholder tensor 'Placeholder/_1' with dtype float and shape [50,8]
	 [[{{node Placeholder/_1}}]]
Day 131, reward -3431.0
./experiments.sh: line 1: 13494 Killed                  python3 -u experiments.py
