Traceback (most recent call last):
  File "/home/s1949624/RL_matching/experiments.py", line 2, in <module>
    from dqn_torch import *
  File "/home/s1949624/RL_matching/dqn_torch.py", line 7, in <module>
    import torch
ModuleNotFoundError: No module named 'torch'
Traceback (most recent call last):
  File "/home/s1949624/RL_matching/experiments.py", line 2, in <module>
    from dqn_torch import *
  File "/home/s1949624/RL_matching/dqn_torch.py", line 7, in <module>
    import torch
ModuleNotFoundError: No module named 'torch'
Traceback (most recent call last):
  File "/home/s1949624/RL_matching/experiments.py", line 2, in <module>
    from dqn_torch import *
  File "/home/s1949624/RL_matching/dqn_torch.py", line 7, in <module>
    import torch
ModuleNotFoundError: No module named 'torch'
Traceback (most recent call last):
  File "/home/s1949624/RL_matching/experiments.py", line 2, in <module>
    from dqn_torch import *
  File "/home/s1949624/RL_matching/dqn_torch.py", line 7, in <module>
    import torch
ModuleNotFoundError: No module named 'torch'
