True
Train Epoch: 1 [0/914058 (0%)]	Loss: 0.139033
Train Epoch: 1 [64000/914058 (7%)]	Loss: 0.090648
Train Epoch: 1 [128000/914058 (14%)]	Loss: 0.095527
Train Epoch: 1 [192000/914058 (21%)]	Loss: 0.092350
Train Epoch: 1 [256000/914058 (28%)]	Loss: 0.093862
Train Epoch: 1 [320000/914058 (35%)]	Loss: 0.093273
Train Epoch: 1 [384000/914058 (42%)]	Loss: 0.096724
Train Epoch: 1 [448000/914058 (49%)]	Loss: 0.090536
Train Epoch: 1 [512000/914058 (56%)]	Loss: 0.096144
Train Epoch: 1 [576000/914058 (63%)]	Loss: 0.091523
Train Epoch: 1 [640000/914058 (70%)]	Loss: 0.092251
Train Epoch: 1 [704000/914058 (77%)]	Loss: 0.091288
Train Epoch: 1 [768000/914058 (84%)]	Loss: 0.091329
Train Epoch: 1 [832000/914058 (91%)]	Loss: 0.086812
Train Epoch: 1 [896000/914058 (98%)]	Loss: 0.093191
Train Epoch: 2 [0/914058 (0%)]	Loss: 0.088853
Train Epoch: 2 [64000/914058 (7%)]	Loss: 0.094452
Train Epoch: 2 [128000/914058 (14%)]	Loss: 0.092825
Train Epoch: 2 [192000/914058 (21%)]	Loss: 0.091546
Train Epoch: 2 [256000/914058 (28%)]	Loss: 0.092302
Train Epoch: 2 [320000/914058 (35%)]	Loss: 0.088727
Train Epoch: 2 [384000/914058 (42%)]	Loss: 0.092419
Train Epoch: 2 [448000/914058 (49%)]	Loss: 0.092057
Train Epoch: 2 [512000/914058 (56%)]	Loss: 0.098105
Train Epoch: 2 [576000/914058 (63%)]	Loss: 0.091084
Train Epoch: 2 [640000/914058 (70%)]	Loss: 0.095663
Train Epoch: 2 [704000/914058 (77%)]	Loss: 0.097455
Train Epoch: 2 [768000/914058 (84%)]	Loss: 0.090007
Train Epoch: 2 [832000/914058 (91%)]	Loss: 0.089705
Train Epoch: 2 [896000/914058 (98%)]	Loss: 0.091934
Train Epoch: 3 [0/914058 (0%)]	Loss: 0.098120
Train Epoch: 3 [64000/914058 (7%)]	Loss: 0.087632
Train Epoch: 3 [128000/914058 (14%)]	Loss: 0.090823
Train Epoch: 3 [192000/914058 (21%)]	Loss: 0.089617
Train Epoch: 3 [256000/914058 (28%)]	Loss: 0.086893
Train Epoch: 3 [320000/914058 (35%)]	Loss: 0.094523
Train Epoch: 3 [384000/914058 (42%)]	Loss: 0.092396
Train Epoch: 3 [448000/914058 (49%)]	Loss: 0.093393
Train Epoch: 3 [512000/914058 (56%)]	Loss: 0.091097
Train Epoch: 3 [576000/914058 (63%)]	Loss: 0.098470
Train Epoch: 3 [640000/914058 (70%)]	Loss: 0.088598
Train Epoch: 3 [704000/914058 (77%)]	Loss: 0.090341
Train Epoch: 3 [768000/914058 (84%)]	Loss: 0.093765
Train Epoch: 3 [832000/914058 (91%)]	Loss: 0.091379
Train Epoch: 3 [896000/914058 (98%)]	Loss: 0.093119
Train Epoch: 4 [0/914058 (0%)]	Loss: 0.089285
Train Epoch: 4 [64000/914058 (7%)]	Loss: 0.094742
Train Epoch: 4 [128000/914058 (14%)]	Loss: 0.095558
Train Epoch: 4 [192000/914058 (21%)]	Loss: 0.094815
Train Epoch: 4 [256000/914058 (28%)]	Loss: 0.098444
Train Epoch: 4 [320000/914058 (35%)]	Loss: 0.093629
Train Epoch: 4 [384000/914058 (42%)]	Loss: 0.098990
Train Epoch: 4 [448000/914058 (49%)]	Loss: 0.085975
Train Epoch: 4 [512000/914058 (56%)]	Loss: 0.096902
Train Epoch: 4 [576000/914058 (63%)]	Loss: 0.085992
Train Epoch: 4 [640000/914058 (70%)]	Loss: 0.094803
Train Epoch: 4 [704000/914058 (77%)]	Loss: 0.091271
Train Epoch: 4 [768000/914058 (84%)]	Loss: 0.088675
Train Epoch: 4 [832000/914058 (91%)]	Loss: 0.089043
Train Epoch: 4 [896000/914058 (98%)]	Loss: 0.095008
Train Epoch: 5 [0/914058 (0%)]	Loss: 0.094258
Train Epoch: 5 [64000/914058 (7%)]	Loss: 0.089070
Train Epoch: 5 [128000/914058 (14%)]	Loss: 0.096433
Train Epoch: 5 [192000/914058 (21%)]	Loss: 0.093499
Train Epoch: 5 [256000/914058 (28%)]	Loss: 0.091081
Train Epoch: 5 [320000/914058 (35%)]	Loss: 0.086437
Train Epoch: 5 [384000/914058 (42%)]	Loss: 0.096397
Train Epoch: 5 [448000/914058 (49%)]	Loss: 0.092936
Train Epoch: 5 [512000/914058 (56%)]	Loss: 0.091800
Train Epoch: 5 [576000/914058 (63%)]	Loss: 0.087131
Train Epoch: 5 [640000/914058 (70%)]	Loss: 0.087224
Train Epoch: 5 [704000/914058 (77%)]	Loss: 0.090045
Train Epoch: 5 [768000/914058 (84%)]	Loss: 0.096134
Train Epoch: 5 [832000/914058 (91%)]	Loss: 0.096790
Train Epoch: 5 [896000/914058 (98%)]	Loss: 0.094891
Train Epoch: 6 [0/914058 (0%)]	Loss: 0.094462
Train Epoch: 6 [64000/914058 (7%)]	Loss: 0.086920
Train Epoch: 6 [128000/914058 (14%)]	Loss: 0.089430
Train Epoch: 6 [192000/914058 (21%)]	Loss: 0.093100
Train Epoch: 6 [256000/914058 (28%)]	Loss: 0.094938
Train Epoch: 6 [320000/914058 (35%)]	Loss: 0.089537
Train Epoch: 6 [384000/914058 (42%)]	Loss: 0.090131
Train Epoch: 6 [448000/914058 (49%)]	Loss: 0.088512
Train Epoch: 6 [512000/914058 (56%)]	Loss: 0.095274
Train Epoch: 6 [576000/914058 (63%)]	Loss: 0.089980
Train Epoch: 6 [640000/914058 (70%)]	Loss: 0.095717
Train Epoch: 6 [704000/914058 (77%)]	Loss: 0.085096
Train Epoch: 6 [768000/914058 (84%)]	Loss: 0.086633
Train Epoch: 6 [832000/914058 (91%)]	Loss: 0.093750
Train Epoch: 6 [896000/914058 (98%)]	Loss: 0.089781
Train Epoch: 7 [0/914058 (0%)]	Loss: 0.091141
Train Epoch: 7 [64000/914058 (7%)]	Loss: 0.091888
Train Epoch: 7 [128000/914058 (14%)]	Loss: 0.085505
Train Epoch: 7 [192000/914058 (21%)]	Loss: 0.097936
Train Epoch: 7 [256000/914058 (28%)]	Loss: 0.089900
Train Epoch: 7 [320000/914058 (35%)]	Loss: 0.092296
Train Epoch: 7 [384000/914058 (42%)]	Loss: 0.090015
Train Epoch: 7 [448000/914058 (49%)]	Loss: 0.087929
Train Epoch: 7 [512000/914058 (56%)]	Loss: 0.097147
Train Epoch: 7 [576000/914058 (63%)]	Loss: 0.092436
Train Epoch: 7 [640000/914058 (70%)]	Loss: 0.089321
Train Epoch: 7 [704000/914058 (77%)]	Loss: 0.090854
Train Epoch: 7 [768000/914058 (84%)]	Loss: 0.086810
Train Epoch: 7 [832000/914058 (91%)]	Loss: 0.082083
Train Epoch: 7 [896000/914058 (98%)]	Loss: 0.087807
Train Epoch: 8 [0/914058 (0%)]	Loss: 0.097123
Train Epoch: 8 [64000/914058 (7%)]	Loss: 0.097273
Train Epoch: 8 [128000/914058 (14%)]	Loss: 0.095736
Train Epoch: 8 [192000/914058 (21%)]	Loss: 0.097443
Train Epoch: 8 [256000/914058 (28%)]	Loss: 0.091939
Train Epoch: 8 [320000/914058 (35%)]	Loss: 0.106589
Train Epoch: 8 [384000/914058 (42%)]	Loss: 0.092211
Train Epoch: 8 [448000/914058 (49%)]	Loss: 0.085562
Train Epoch: 8 [512000/914058 (56%)]	Loss: 0.090242
Train Epoch: 8 [576000/914058 (63%)]	Loss: 0.091562
Train Epoch: 8 [640000/914058 (70%)]	Loss: 0.087826
Train Epoch: 8 [704000/914058 (77%)]	Loss: 0.091631
Train Epoch: 8 [768000/914058 (84%)]	Loss: 0.091813
Train Epoch: 8 [832000/914058 (91%)]	Loss: 0.094023
Train Epoch: 8 [896000/914058 (98%)]	Loss: 0.092903
Train Epoch: 9 [0/914058 (0%)]	Loss: 0.087270
Train Epoch: 9 [64000/914058 (7%)]	Loss: 0.085582
Train Epoch: 9 [128000/914058 (14%)]	Loss: 0.092474
Train Epoch: 9 [192000/914058 (21%)]	Loss: 0.087843
Train Epoch: 9 [256000/914058 (28%)]	Loss: 0.086292
Train Epoch: 9 [320000/914058 (35%)]	Loss: 0.088723
Train Epoch: 9 [384000/914058 (42%)]	Loss: 0.088167
Train Epoch: 9 [448000/914058 (49%)]	Loss: 0.090234
Train Epoch: 9 [512000/914058 (56%)]	Loss: 0.088078
Train Epoch: 9 [576000/914058 (63%)]	Loss: 0.091419
Train Epoch: 9 [640000/914058 (70%)]	Loss: 0.086540
Train Epoch: 9 [704000/914058 (77%)]	Loss: 0.089322
Train Epoch: 9 [768000/914058 (84%)]	Loss: 0.091723
Train Epoch: 9 [832000/914058 (91%)]	Loss: 0.096685
Train Epoch: 9 [896000/914058 (98%)]	Loss: 0.091441
Train Epoch: 10 [0/914058 (0%)]	Loss: 0.084170
Train Epoch: 10 [64000/914058 (7%)]	Loss: 0.087837
Train Epoch: 10 [128000/914058 (14%)]	Loss: 0.085006
Train Epoch: 10 [192000/914058 (21%)]	Loss: 0.085911
Train Epoch: 10 [256000/914058 (28%)]	Loss: 0.100372
Train Epoch: 10 [320000/914058 (35%)]	Loss: 0.095497
Train Epoch: 10 [384000/914058 (42%)]	Loss: 0.084686
Train Epoch: 10 [448000/914058 (49%)]	Loss: 0.090589
Train Epoch: 10 [512000/914058 (56%)]	Loss: 0.084713
Train Epoch: 10 [576000/914058 (63%)]	Loss: 0.093426
Train Epoch: 10 [640000/914058 (70%)]	Loss: 0.086009
Train Epoch: 10 [704000/914058 (77%)]	Loss: 0.091613
Train Epoch: 10 [768000/914058 (84%)]	Loss: 0.091760
Train Epoch: 10 [832000/914058 (91%)]	Loss: 0.087258
Train Epoch: 10 [896000/914058 (98%)]	Loss: 0.086728
Traceback (most recent call last):
  File "/home/s1949624/RL_matching/main_network.py", line 142, in <module>
    test(args, model, device, test_dataset, kwargs)
  File "/home/s1949624/RL_matching/train_network.py", line 51, in test
    test_epoch(model, device, test_loader)
  File "/home/s1949624/RL_matching/train_network.py", line 63, in test_epoch
    correct += pred.eq(target.to(device)).sum().item()
RuntimeError: The size of tensor a (64) must match the size of tensor b (8) at non-singleton dimension 1
