Start training
Train Epoch: 1 	Loss: 1231.850197
Train Epoch: 2 	Loss: 1222.965584
Train Epoch: 3 	Loss: 1220.142609
Train Epoch: 4 	Loss: 1217.274940
Train Epoch: 5 	Loss: 1214.608343
Train Epoch: 6 	Loss: 1212.335087
Train Epoch: 7 	Loss: 1210.395828
Train Epoch: 8 	Loss: 1208.669177
Train Epoch: 9 	Loss: 1207.199485
Train Epoch: 10 	Loss: 1205.896909
Train Epoch: 11 	Loss: 1204.676353
Train Epoch: 12 	Loss: 1203.469197
Train Epoch: 13 	Loss: 1202.520684
Train Epoch: 14 	Loss: 1201.440991
Train Epoch: 15 	Loss: 1200.665104
Train Epoch: 16 	Loss: 1199.974113
Train Epoch: 17 	Loss: 1199.121122
Train Epoch: 18 	Loss: 1198.577776
Train Epoch: 19 	Loss: 1198.019100
Train Epoch: 20 	Loss: 1197.347246
Train Epoch: 21 	Loss: 1196.723932
Train Epoch: 22 	Loss: 1196.065779
Train Epoch: 23 	Loss: 1195.619677
Train Epoch: 24 	Loss: 1195.268507
Train Epoch: 25 	Loss: 1194.758393
Train Epoch: 26 	Loss: 1194.216037
Train Epoch: 27 	Loss: 1193.700048
Train Epoch: 28 	Loss: 1193.327602
Train Epoch: 29 	Loss: 1192.973037
Train Epoch: 30 	Loss: 1192.512779
Train Epoch: 31 	Loss: 1192.065311
Train Epoch: 32 	Loss: 1191.971338
Train Epoch: 33 	Loss: 1191.611713
Train Epoch: 34 	Loss: 1191.072634
Train Epoch: 35 	Loss: 1190.838773
Train Epoch: 36 	Loss: 1190.426061
Train Epoch: 37 	Loss: 1190.212937
Train Epoch: 38 	Loss: 1189.960128
Train Epoch: 39 	Loss: 1189.692412
Train Epoch: 40 	Loss: 1189.418511
Train Epoch: 41 	Loss: 1189.103905
Train Epoch: 42 	Loss: 1188.967007
Train Epoch: 43 	Loss: 1188.696205
Train Epoch: 44 	Loss: 1188.485312
Train Epoch: 45 	Loss: 1188.241294
Train Epoch: 46 	Loss: 1187.885586
Train Epoch: 47 	Loss: 1187.981641
Train Epoch: 48 	Loss: 1187.593983
Train Epoch: 49 	Loss: 1187.375632
Train Epoch: 50 	Loss: 1187.160580
Train Epoch: 51 	Loss: 1186.924692
Train Epoch: 52 	Loss: 1186.934165
Train Epoch: 53 	Loss: 1186.746248
Train Epoch: 54 	Loss: 1186.603661
Train Epoch: 55 	Loss: 1186.502778
Train Epoch: 56 	Loss: 1186.217173
Train Epoch: 57 	Loss: 1186.144098
Train Epoch: 58 	Loss: 1185.979980
Train Epoch: 59 	Loss: 1185.972482
Train Epoch: 60 	Loss: 1185.767142
Train Epoch: 61 	Loss: 1185.600302
Train Epoch: 62 	Loss: 1185.484754
Train Epoch: 63 	Loss: 1185.449829
Train Epoch: 64 	Loss: 1185.233373
Train Epoch: 65 	Loss: 1185.253881
Train Epoch: 66 	Loss: 1185.024269
Train Epoch: 67 	Loss: 1184.951554
Train Epoch: 68 	Loss: 1184.787966
Train Epoch: 69 	Loss: 1184.765429
Train Epoch: 70 	Loss: 1184.700728
Train Epoch: 71 	Loss: 1184.513592
Train Epoch: 72 	Loss: 1184.572642
Train Epoch: 73 	Loss: 1184.335661
Train Epoch: 74 	Loss: 1184.436238
Train Epoch: 75 	Loss: 1184.286633
Train Epoch: 76 	Loss: 1184.021545
Train Epoch: 77 	Loss: 1184.081890
Train Epoch: 78 	Loss: 1183.955422
Train Epoch: 79 	Loss: 1183.845523
Train Epoch: 80 	Loss: 1183.694661
Train Epoch: 81 	Loss: 1183.651911
Train Epoch: 82 	Loss: 1183.585951
Train Epoch: 83 	Loss: 1183.661302
Train Epoch: 84 	Loss: 1183.473949
Train Epoch: 85 	Loss: 1183.395130
Train Epoch: 86 	Loss: 1183.351172
Train Epoch: 87 	Loss: 1183.236760
Train Epoch: 88 	Loss: 1183.191709
Train Epoch: 89 	Loss: 1183.072853
Train Epoch: 90 	Loss: 1183.094319
Train Epoch: 91 	Loss: 1182.978231
Train Epoch: 92 	Loss: 1182.877591
Train Epoch: 93 	Loss: 1182.762621
Train Epoch: 94 	Loss: 1182.687115
Train Epoch: 95 	Loss: 1182.569830
Train Epoch: 96 	Loss: 1182.618714
Train Epoch: 97 	Loss: 1182.425963
Train Epoch: 98 	Loss: 1182.257983
Train Epoch: 99 	Loss: 1182.268668
Train Epoch: 100 	Loss: 1182.291713
Train Epoch: 101 	Loss: 1182.181641
Train Epoch: 102 	Loss: 1182.161042
Train Epoch: 103 	Loss: 1182.054268
Train Epoch: 104 	Loss: 1182.135863
Train Epoch: 105 	Loss: 1181.936004
Train Epoch: 106 	Loss: 1181.952283
Train Epoch: 107 	Loss: 1181.890802
Train Epoch: 108 	Loss: 1181.857617
Train Epoch: 109 	Loss: 1181.753010
Train Epoch: 110 	Loss: 1181.795528
Train Epoch: 111 	Loss: 1181.665274
Train Epoch: 112 	Loss: 1181.546395
Train Epoch: 113 	Loss: 1181.476407
Train Epoch: 114 	Loss: 1181.441035
Train Epoch: 115 	Loss: 1181.558852
Train Epoch: 116 	Loss: 1181.439681
Train Epoch: 117 	Loss: 1181.271967
Train Epoch: 118 	Loss: 1181.351690
Train Epoch: 119 	Loss: 1181.256637
Train Epoch: 120 	Loss: 1181.134637
Train Epoch: 121 	Loss: 1181.217179
Train Epoch: 122 	Loss: 1181.101623
Train Epoch: 123 	Loss: 1181.152952
Train Epoch: 124 	Loss: 1181.066202
Train Epoch: 125 	Loss: 1181.040714
Train Epoch: 126 	Loss: 1181.041593
Train Epoch: 127 	Loss: 1181.045800
Train Epoch: 128 	Loss: 1180.866200
Train Epoch: 129 	Loss: 1180.825451
Train Epoch: 130 	Loss: 1180.827946
Train Epoch: 131 	Loss: 1180.829624
Train Epoch: 132 	Loss: 1180.673175
Train Epoch: 133 	Loss: 1180.745450
Train Epoch: 134 	Loss: 1180.600344
Train Epoch: 135 	Loss: 1180.585301
Train Epoch: 136 	Loss: 1180.760221
Train Epoch: 137 	Loss: 1180.567850
Train Epoch: 138 	Loss: 1180.566136
Train Epoch: 139 	Loss: 1180.510948
Train Epoch: 140 	Loss: 1180.460754
Train Epoch: 141 	Loss: 1180.408280
Train Epoch: 142 	Loss: 1180.385846
Train Epoch: 143 	Loss: 1180.430276
Train Epoch: 144 	Loss: 1180.314420
Train Epoch: 145 	Loss: 1180.351901
Train Epoch: 146 	Loss: 1180.233115
Train Epoch: 147 	Loss: 1180.166975
Train Epoch: 148 	Loss: 1180.241038
Train Epoch: 149 	Loss: 1180.141454
Train Epoch: 150 	Loss: 1180.037883
Train Epoch: 151 	Loss: 1180.045093
Train Epoch: 152 	Loss: 1180.165575
Train Epoch: 153 	Loss: 1179.962990
Train Epoch: 154 	Loss: 1180.051514
Train Epoch: 155 	Loss: 1179.926059
Train Epoch: 156 	Loss: 1179.920925
Train Epoch: 157 	Loss: 1179.958986
Train Epoch: 158 	Loss: 1179.856209
Train Epoch: 159 	Loss: 1179.798331
Train Epoch: 160 	Loss: 1179.857531
Train Epoch: 161 	Loss: 1179.731087
Train Epoch: 162 	Loss: 1179.705825
Train Epoch: 163 	Loss: 1179.809877
Train Epoch: 164 	Loss: 1179.723590
Train Epoch: 165 	Loss: 1179.725194
Train Epoch: 166 	Loss: 1179.560236
Train Epoch: 167 	Loss: 1179.630659
Train Epoch: 168 	Loss: 1179.712062
Train Epoch: 169 	Loss: 1179.563819
Train Epoch: 170 	Loss: 1179.452028
Train Epoch: 171 	Loss: 1179.451699
Train Epoch: 172 	Loss: 1179.354160
Train Epoch: 173 	Loss: 1179.623661
Train Epoch: 174 	Loss: 1179.481317
Train Epoch: 175 	Loss: 1179.399804
Train Epoch: 176 	Loss: 1179.315452
Train Epoch: 177 	Loss: 1179.357250
Train Epoch: 178 	Loss: 1179.426626
Train Epoch: 179 	Loss: 1179.424092
Train Epoch: 180 	Loss: 1179.398602
Train Epoch: 181 	Loss: 1179.283001
Train Epoch: 182 	Loss: 1179.295275
Train Epoch: 183 	Loss: 1179.356865
Train Epoch: 184 	Loss: 1179.114674
Train Epoch: 185 	Loss: 1179.168604
Train Epoch: 186 	Loss: 1179.260635
Train Epoch: 187 	Loss: 1179.067636
Train Epoch: 188 	Loss: 1179.159496
Train Epoch: 189 	Loss: 1179.082815
Train Epoch: 190 	Loss: 1179.024225
Train Epoch: 191 	Loss: 1178.977726
Train Epoch: 192 	Loss: 1179.093556
Train Epoch: 193 	Loss: 1178.945563
Train Epoch: 194 	Loss: 1179.274763
Train Epoch: 195 	Loss: 1178.971372
Train Epoch: 196 	Loss: 1178.967407
Train Epoch: 197 	Loss: 1178.975848
Train Epoch: 198 	Loss: 1178.770294
Train Epoch: 199 	Loss: 1178.884975
Train Epoch: 200 	Loss: 1178.912061
Train Epoch: 201 	Loss: 1178.703998
Train Epoch: 202 	Loss: 1178.807599
Train Epoch: 203 	Loss: 1178.677767
Train Epoch: 204 	Loss: 1178.816604
Train Epoch: 205 	Loss: 1178.605149
Train Epoch: 206 	Loss: 1178.671563
Train Epoch: 207 	Loss: 1178.638588
Train Epoch: 208 	Loss: 1178.687367
Train Epoch: 209 	Loss: 1178.643491
Train Epoch: 210 	Loss: 1178.672298
Train Epoch: 211 	Loss: 1178.582171
Train Epoch: 212 	Loss: 1178.563205
Train Epoch: 213 	Loss: 1178.585136
Train Epoch: 214 	Loss: 1178.700391
Train Epoch: 215 	Loss: 1178.543200
Train Epoch: 216 	Loss: 1178.544705
Train Epoch: 217 	Loss: 1178.564496
Train Epoch: 218 	Loss: 1178.533967
Train Epoch: 219 	Loss: 1178.475692
Train Epoch: 220 	Loss: 1178.492579
Train Epoch: 221 	Loss: 1178.378877
Train Epoch: 222 	Loss: 1178.453373
Train Epoch: 223 	Loss: 1178.368675
Train Epoch: 224 	Loss: 1178.380308
Train Epoch: 225 	Loss: 1178.480225
Train Epoch: 226 	Loss: 1178.426613
Train Epoch: 227 	Loss: 1178.377362
Train Epoch: 228 	Loss: 1178.436142
Train Epoch: 229 	Loss: 1178.358405
Train Epoch: 230 	Loss: 1178.369701
Train Epoch: 231 	Loss: 1178.319946
Train Epoch: 232 	Loss: 1178.361104
Train Epoch: 233 	Loss: 1178.400916
Train Epoch: 234 	Loss: 1178.279296
Train Epoch: 235 	Loss: 1178.338035
Train Epoch: 236 	Loss: 1178.288642
Train Epoch: 237 	Loss: 1178.136640
Train Epoch: 238 	Loss: 1178.121140
Train Epoch: 239 	Loss: 1178.175494
Train Epoch: 240 	Loss: 1178.186693
Train Epoch: 241 	Loss: 1178.192148
Train Epoch: 242 	Loss: 1178.299554
Train Epoch: 243 	Loss: 1178.228693
Train Epoch: 244 	Loss: 1178.095444
Train Epoch: 245 	Loss: 1178.171140
Train Epoch: 246 	Loss: 1178.166551
Train Epoch: 247 	Loss: 1178.017385
Train Epoch: 248 	Loss: 1178.118771
Train Epoch: 249 	Loss: 1178.100565
Train Epoch: 250 	Loss: 1178.154788
Train Epoch: 251 	Loss: 1178.062772
Train Epoch: 252 	Loss: 1178.134947
Train Epoch: 253 	Loss: 1178.032271
Train Epoch: 254 	Loss: 1178.082515
Train Epoch: 255 	Loss: 1178.032087
Train Epoch: 256 	Loss: 1178.003170
Train Epoch: 257 	Loss: 1177.971549
Train Epoch: 258 	Loss: 1178.067209
Train Epoch: 259 	Loss: 1177.928927
Train Epoch: 260 	Loss: 1178.058872
Train Epoch: 261 	Loss: 1177.925721
Train Epoch: 262 	Loss: 1177.934505
Train Epoch: 263 	Loss: 1177.961962
Train Epoch: 264 	Loss: 1178.009363
Train Epoch: 265 	Loss: 1177.930784
Train Epoch: 266 	Loss: 1177.914685
Train Epoch: 267 	Loss: 1177.890407
Train Epoch: 268 	Loss: 1177.836520
Train Epoch: 269 	Loss: 1177.926367
Train Epoch: 270 	Loss: 1177.809506
Train Epoch: 271 	Loss: 1177.805867
Train Epoch: 272 	Loss: 1177.771869
Train Epoch: 273 	Loss: 1177.884765
Train Epoch: 274 	Loss: 1177.909758
Train Epoch: 275 	Loss: 1177.726536
Train Epoch: 276 	Loss: 1177.882086
Train Epoch: 277 	Loss: 1177.848645
Train Epoch: 278 	Loss: 1177.761631
Train Epoch: 279 	Loss: 1177.782999
Train Epoch: 280 	Loss: 1177.717225
Train Epoch: 281 	Loss: 1177.754077
Train Epoch: 282 	Loss: 1177.713383
Train Epoch: 283 	Loss: 1177.696614
Train Epoch: 284 	Loss: 1177.729490
Train Epoch: 285 	Loss: 1177.809414
Train Epoch: 286 	Loss: 1177.677893
Train Epoch: 287 	Loss: 1177.749989
Train Epoch: 288 	Loss: 1177.674350
Train Epoch: 289 	Loss: 1177.621513
Train Epoch: 290 	Loss: 1177.701740
Train Epoch: 291 	Loss: 1177.698573
Train Epoch: 292 	Loss: 1177.638589
Train Epoch: 293 	Loss: 1177.608547
Train Epoch: 294 	Loss: 1177.625826
Train Epoch: 295 	Loss: 1177.667772
Train Epoch: 296 	Loss: 1177.495985
Train Epoch: 297 	Loss: 1177.606796
Train Epoch: 298 	Loss: 1177.665755
Train Epoch: 299 	Loss: 1177.579626
Train Epoch: 300 	Loss: 1177.645930
Train Epoch: 301 	Loss: 1177.587779
Train Epoch: 302 	Loss: 1177.447996
Train Epoch: 303 	Loss: 1177.488310
Train Epoch: 304 	Loss: 1177.446602
Train Epoch: 305 	Loss: 1177.557540
Train Epoch: 306 	Loss: 1177.466904
Train Epoch: 307 	Loss: 1177.505235
Train Epoch: 308 	Loss: 1177.455804
Train Epoch: 309 	Loss: 1177.400226
Train Epoch: 310 	Loss: 1177.383690
Train Epoch: 311 	Loss: 1177.395423
Train Epoch: 312 	Loss: 1177.413985
Train Epoch: 313 	Loss: 1177.323593
Train Epoch: 314 	Loss: 1177.466584
Train Epoch: 315 	Loss: 1177.423896
Train Epoch: 316 	Loss: 1177.360707
Train Epoch: 317 	Loss: 1177.347707
Train Epoch: 318 	Loss: 1177.296199
Train Epoch: 319 	Loss: 1177.425952
Train Epoch: 320 	Loss: 1177.366219
Train Epoch: 321 	Loss: 1177.273574
Train Epoch: 322 	Loss: 1177.277580
Train Epoch: 323 	Loss: 1177.346444
Train Epoch: 324 	Loss: 1177.316716
Train Epoch: 325 	Loss: 1177.333510
Train Epoch: 326 	Loss: 1177.295224
Train Epoch: 327 	Loss: 1177.192603
Train Epoch: 328 	Loss: 1177.387041
Train Epoch: 329 	Loss: 1177.227002
Train Epoch: 330 	Loss: 1177.251228
Train Epoch: 331 	Loss: 1177.232466
Train Epoch: 332 	Loss: 1177.279583
Train Epoch: 333 	Loss: 1177.280380
Train Epoch: 334 	Loss: 1177.162897
Train Epoch: 335 	Loss: 1177.300207
Train Epoch: 336 	Loss: 1177.158128
Train Epoch: 337 	Loss: 1177.242662
Train Epoch: 338 	Loss: 1177.208054
Train Epoch: 339 	Loss: 1177.152073
Train Epoch: 340 	Loss: 1177.206336
Train Epoch: 341 	Loss: 1177.339962
Train Epoch: 342 	Loss: 1177.258461
Train Epoch: 343 	Loss: 1177.138899
Train Epoch: 344 	Loss: 1177.036869
Train Epoch: 345 	Loss: 1177.095672
Train Epoch: 346 	Loss: 1177.073969
Train Epoch: 347 	Loss: 1177.096098
Train Epoch: 348 	Loss: 1177.028868
Train Epoch: 349 	Loss: 1177.028272
Train Epoch: 350 	Loss: 1176.898792
Train Epoch: 351 	Loss: 1176.937846
Train Epoch: 352 	Loss: 1177.139357
Train Epoch: 353 	Loss: 1177.042191
Train Epoch: 354 	Loss: 1177.001034
Train Epoch: 355 	Loss: 1177.023348
Train Epoch: 356 	Loss: 1177.030811
Train Epoch: 357 	Loss: 1176.972678
Train Epoch: 358 	Loss: 1177.028740
Train Epoch: 359 	Loss: 1176.953484
Train Epoch: 360 	Loss: 1177.033855
Train Epoch: 361 	Loss: 1176.936735
Train Epoch: 362 	Loss: 1176.998212
Train Epoch: 363 	Loss: 1176.982737
Train Epoch: 364 	Loss: 1177.002508
Train Epoch: 365 	Loss: 1176.967388
Train Epoch: 366 	Loss: 1176.988930
Train Epoch: 367 	Loss: 1176.968103
Train Epoch: 368 	Loss: 1176.919104
Train Epoch: 369 	Loss: 1176.963102
Train Epoch: 370 	Loss: 1176.885412
Train Epoch: 371 	Loss: 1176.903298
Train Epoch: 372 	Loss: 1176.799233
Train Epoch: 373 	Loss: 1176.900560
Train Epoch: 374 	Loss: 1176.983871
Train Epoch: 375 	Loss: 1176.961770
Train Epoch: 376 	Loss: 1176.968332
Train Epoch: 377 	Loss: 1176.881248
Train Epoch: 378 	Loss: 1176.891927
Train Epoch: 379 	Loss: 1176.900252
Train Epoch: 380 	Loss: 1176.917458
Train Epoch: 381 	Loss: 1176.846404
Train Epoch: 382 	Loss: 1176.897743
Train Epoch: 383 	Loss: 1176.848042
Train Epoch: 384 	Loss: 1176.821599
Train Epoch: 385 	Loss: 1176.795898
Train Epoch: 386 	Loss: 1176.767205
Train Epoch: 387 	Loss: 1176.844015
Train Epoch: 388 	Loss: 1176.760326
Train Epoch: 389 	Loss: 1176.792045
Train Epoch: 390 	Loss: 1176.841951
Train Epoch: 391 	Loss: 1176.860349
Train Epoch: 392 	Loss: 1176.762757
Train Epoch: 393 	Loss: 1176.800370
Train Epoch: 394 	Loss: 1176.736932
Train Epoch: 395 	Loss: 1176.744111
Train Epoch: 396 	Loss: 1176.729748
Train Epoch: 397 	Loss: 1176.719555
Train Epoch: 398 	Loss: 1176.714459
Train Epoch: 399 	Loss: 1176.623582
Train Epoch: 400 	Loss: 1176.723755
Train Epoch: 401 	Loss: 1176.826041
Train Epoch: 402 	Loss: 1176.714246
Train Epoch: 403 	Loss: 1176.630551
Train Epoch: 404 	Loss: 1176.618396
Train Epoch: 405 	Loss: 1176.625496
Train Epoch: 406 	Loss: 1176.681781
Train Epoch: 407 	Loss: 1176.537254
Train Epoch: 408 	Loss: 1176.675107
Train Epoch: 409 	Loss: 1176.728821
Train Epoch: 410 	Loss: 1176.739033
Train Epoch: 411 	Loss: 1176.710246
Train Epoch: 412 	Loss: 1176.688325
Train Epoch: 413 	Loss: 1176.653079
Train Epoch: 414 	Loss: 1176.623797
Train Epoch: 415 	Loss: 1176.671217
Train Epoch: 416 	Loss: 1176.578591
Train Epoch: 417 	Loss: 1176.615526
Train Epoch: 418 	Loss: 1176.592240
Train Epoch: 419 	Loss: 1176.657641
Train Epoch: 420 	Loss: 1176.533767
Train Epoch: 421 	Loss: 1176.549888
Train Epoch: 422 	Loss: 1176.641202
Train Epoch: 423 	Loss: 1176.691254
Train Epoch: 424 	Loss: 1176.616573
Train Epoch: 425 	Loss: 1176.579871
Train Epoch: 426 	Loss: 1176.615395
Train Epoch: 427 	Loss: 1176.490755
Train Epoch: 428 	Loss: 1176.487734
Train Epoch: 429 	Loss: 1176.656561
Train Epoch: 430 	Loss: 1176.500821
Train Epoch: 431 	Loss: 1176.600190
Train Epoch: 432 	Loss: 1176.682573
Train Epoch: 433 	Loss: 1176.484306
Train Epoch: 434 	Loss: 1176.603316
Train Epoch: 435 	Loss: 1176.347664
Train Epoch: 436 	Loss: 1176.412466
Train Epoch: 437 	Loss: 1176.457626
Train Epoch: 438 	Loss: 1176.538190
Train Epoch: 439 	Loss: 1176.478161
Train Epoch: 440 	Loss: 1176.284899
Train Epoch: 441 	Loss: 1176.474248
Train Epoch: 442 	Loss: 1176.484454
Train Epoch: 443 	Loss: 1176.432138
Train Epoch: 444 	Loss: 1176.369956
Train Epoch: 445 	Loss: 1176.490554
Train Epoch: 446 	Loss: 1176.402047
Train Epoch: 447 	Loss: 1176.373913
Train Epoch: 448 	Loss: 1176.468879
Train Epoch: 449 	Loss: 1176.365543
Train Epoch: 450 	Loss: 1176.431532
Train Epoch: 451 	Loss: 1176.458208
Train Epoch: 452 	Loss: 1176.320771
Train Epoch: 453 	Loss: 1176.251928
Train Epoch: 454 	Loss: 1176.355037
Train Epoch: 455 	Loss: 1176.393037
Train Epoch: 456 	Loss: 1176.355817
Train Epoch: 457 	Loss: 1176.276961
Train Epoch: 458 	Loss: 1176.313099
Train Epoch: 459 	Loss: 1176.369174
Train Epoch: 460 	Loss: 1176.355003
Train Epoch: 461 	Loss: 1176.320093
Train Epoch: 462 	Loss: 1176.416475
Train Epoch: 463 	Loss: 1176.378314
Train Epoch: 464 	Loss: 1176.396180
Train Epoch: 465 	Loss: 1176.302216
Train Epoch: 466 	Loss: 1176.370958
Train Epoch: 467 	Loss: 1176.397966
Train Epoch: 468 	Loss: 1176.251904
Train Epoch: 469 	Loss: 1176.212696
Train Epoch: 470 	Loss: 1176.288310
Train Epoch: 471 	Loss: 1176.089119
Train Epoch: 472 	Loss: 1176.225148
Train Epoch: 473 	Loss: 1176.194625
Train Epoch: 474 	Loss: 1176.346450
Train Epoch: 475 	Loss: 1176.270226
Train Epoch: 476 	Loss: 1176.364335
Train Epoch: 477 	Loss: 1176.227416
Train Epoch: 478 	Loss: 1176.150694
Train Epoch: 479 	Loss: 1176.206185
Train Epoch: 480 	Loss: 1176.160430
Train Epoch: 481 	Loss: 1176.221186
Train Epoch: 482 	Loss: 1176.178498
Train Epoch: 483 	Loss: 1176.210113
Train Epoch: 484 	Loss: 1176.164743
Train Epoch: 485 	Loss: 1176.242804
Train Epoch: 486 	Loss: 1176.222825
Train Epoch: 487 	Loss: 1176.074597
Train Epoch: 488 	Loss: 1176.066846
Train Epoch: 489 	Loss: 1176.139416
Train Epoch: 490 	Loss: 1176.075557
Train Epoch: 491 	Loss: 1176.206540
Train Epoch: 492 	Loss: 1176.112331
Train Epoch: 493 	Loss: 1176.093706
Train Epoch: 494 	Loss: 1176.012785
Train Epoch: 495 	Loss: 1176.210996
Train Epoch: 496 	Loss: 1176.089915
Train Epoch: 497 	Loss: 1176.069771
Train Epoch: 498 	Loss: 1175.996660
Train Epoch: 499 	Loss: 1176.101813
Train Epoch: 500 	Loss: 1176.169186
Train Epoch: 501 	Loss: 1176.122424
Train Epoch: 502 	Loss: 1176.165530
Train Epoch: 503 	Loss: 1176.130577
Train Epoch: 504 	Loss: 1176.026759
Train Epoch: 505 	Loss: 1176.178040
Train Epoch: 506 	Loss: 1175.999382
Train Epoch: 507 	Loss: 1175.894325
Train Epoch: 508 	Loss: 1176.059266
Train Epoch: 509 	Loss: 1176.076647
Train Epoch: 510 	Loss: 1176.103378
Train Epoch: 511 	Loss: 1176.012679
Train Epoch: 512 	Loss: 1176.060249
Train Epoch: 513 	Loss: 1175.983292
Train Epoch: 514 	Loss: 1176.077443
Train Epoch: 515 	Loss: 1176.101707
Train Epoch: 516 	Loss: 1176.115239
Train Epoch: 517 	Loss: 1176.038097
Train Epoch: 518 	Loss: 1175.945075
Train Epoch: 519 	Loss: 1176.090248
Train Epoch: 520 	Loss: 1175.948536
Train Epoch: 521 	Loss: 1176.012276
Train Epoch: 522 	Loss: 1175.987329
Train Epoch: 523 	Loss: 1175.997452
Train Epoch: 524 	Loss: 1175.979147
Train Epoch: 525 	Loss: 1175.809995
Train Epoch: 526 	Loss: 1175.850035
Train Epoch: 527 	Loss: 1176.016146
Train Epoch: 528 	Loss: 1176.008790
Train Epoch: 529 	Loss: 1176.011534
Train Epoch: 530 	Loss: 1176.063349
Train Epoch: 531 	Loss: 1175.964218
Train Epoch: 532 	Loss: 1175.975255
Train Epoch: 533 	Loss: 1175.862716
Train Epoch: 534 	Loss: 1175.964657
Train Epoch: 535 	Loss: 1175.935574
Train Epoch: 536 	Loss: 1175.991990
Train Epoch: 537 	Loss: 1175.907277
Train Epoch: 538 	Loss: 1175.942356
Train Epoch: 539 	Loss: 1175.900788
Train Epoch: 540 	Loss: 1175.921772
Train Epoch: 541 	Loss: 1175.928500
Train Epoch: 542 	Loss: 1175.819421
Train Epoch: 543 	Loss: 1175.886455
Train Epoch: 544 	Loss: 1175.854831
Train Epoch: 545 	Loss: 1175.946423
Train Epoch: 546 	Loss: 1175.896837
Train Epoch: 547 	Loss: 1176.005046
Train Epoch: 548 	Loss: 1175.869603
Train Epoch: 549 	Loss: 1175.908699
Train Epoch: 550 	Loss: 1175.814102
Train Epoch: 551 	Loss: 1175.875252
Train Epoch: 552 	Loss: 1175.915117
Train Epoch: 553 	Loss: 1175.858479
Train Epoch: 554 	Loss: 1175.955350
Train Epoch: 555 	Loss: 1175.833581
Train Epoch: 556 	Loss: 1175.798157
Train Epoch: 557 	Loss: 1175.870122
Train Epoch: 558 	Loss: 1175.968898
Train Epoch: 559 	Loss: 1175.884186
Train Epoch: 560 	Loss: 1175.881446
Train Epoch: 561 	Loss: 1175.804469
Train Epoch: 562 	Loss: 1175.870338
Train Epoch: 563 	Loss: 1175.857186
Train Epoch: 564 	Loss: 1175.866932
Train Epoch: 565 	Loss: 1175.865339
Train Epoch: 566 	Loss: 1175.959065
Train Epoch: 567 	Loss: 1175.902433
Train Epoch: 568 	Loss: 1175.787539
Train Epoch: 569 	Loss: 1175.911086
Train Epoch: 570 	Loss: 1175.789579
Train Epoch: 571 	Loss: 1175.788410
Train Epoch: 572 	Loss: 1175.867273
Train Epoch: 573 	Loss: 1175.940664
Train Epoch: 574 	Loss: 1175.866079
Train Epoch: 575 	Loss: 1175.870504
Train Epoch: 576 	Loss: 1175.732413
Train Epoch: 577 	Loss: 1175.887703
Train Epoch: 578 	Loss: 1175.765355
Train Epoch: 579 	Loss: 1175.877358
Train Epoch: 580 	Loss: 1175.849229
Train Epoch: 581 	Loss: 1175.778761
Train Epoch: 582 	Loss: 1175.849107
Train Epoch: 583 	Loss: 1175.754812
Train Epoch: 584 	Loss: 1175.731097
Train Epoch: 585 	Loss: 1175.759716
Train Epoch: 586 	Loss: 1175.605767
Train Epoch: 587 	Loss: 1175.783671
Train Epoch: 588 	Loss: 1175.684885
Train Epoch: 589 	Loss: 1175.928768
Train Epoch: 590 	Loss: 1175.667111
Train Epoch: 591 	Loss: 1175.751220
Train Epoch: 592 	Loss: 1175.781693
Train Epoch: 593 	Loss: 1175.659957
Train Epoch: 594 	Loss: 1175.660328
Train Epoch: 595 	Loss: 1175.769438
Train Epoch: 596 	Loss: 1175.698903
Train Epoch: 597 	Loss: 1175.763855
Train Epoch: 598 	Loss: 1175.780468
Train Epoch: 599 	Loss: 1175.644328
Train Epoch: 600 	Loss: 1175.766119
Train Epoch: 601 	Loss: 1175.730784
Train Epoch: 602 	Loss: 1175.676903
Train Epoch: 603 	Loss: 1175.714328
Train Epoch: 604 	Loss: 1175.646841
Train Epoch: 605 	Loss: 1175.616359
Train Epoch: 606 	Loss: 1175.628754
Train Epoch: 607 	Loss: 1175.679345
Train Epoch: 608 	Loss: 1175.665700
Train Epoch: 609 	Loss: 1175.718894
Train Epoch: 610 	Loss: 1175.703646
Train Epoch: 611 	Loss: 1175.725060
Train Epoch: 612 	Loss: 1175.775189
Train Epoch: 613 	Loss: 1175.718161
Train Epoch: 614 	Loss: 1175.580666
Train Epoch: 615 	Loss: 1175.721593
Train Epoch: 616 	Loss: 1175.693827
Train Epoch: 617 	Loss: 1175.737998
Train Epoch: 618 	Loss: 1175.738865
Train Epoch: 619 	Loss: 1175.726620
Train Epoch: 620 	Loss: 1175.643911
Train Epoch: 621 	Loss: 1175.634785
Train Epoch: 622 	Loss: 1175.735905
Train Epoch: 623 	Loss: 1175.714301
Train Epoch: 624 	Loss: 1175.682839
Train Epoch: 625 	Loss: 1175.654174
Train Epoch: 626 	Loss: 1175.640869
Train Epoch: 627 	Loss: 1175.680731
Train Epoch: 628 	Loss: 1175.606670
Train Epoch: 629 	Loss: 1175.611488
Train Epoch: 630 	Loss: 1175.609695
Train Epoch: 631 	Loss: 1175.524287
Train Epoch: 632 	Loss: 1175.644038
Train Epoch: 633 	Loss: 1175.580239
Train Epoch: 634 	Loss: 1175.676462
Train Epoch: 635 	Loss: 1175.496820
Train Epoch: 636 	Loss: 1175.597119
Train Epoch: 637 	Loss: 1175.616530
Train Epoch: 638 	Loss: 1175.604144
Train Epoch: 639 	Loss: 1175.586355
Train Epoch: 640 	Loss: 1175.577261
Train Epoch: 641 	Loss: 1175.452169
Train Epoch: 642 	Loss: 1175.521605
Train Epoch: 643 	Loss: 1175.348037
Train Epoch: 644 	Loss: 1175.592669
Train Epoch: 645 	Loss: 1175.587784
Train Epoch: 646 	Loss: 1175.504785
Train Epoch: 647 	Loss: 1175.583646
Train Epoch: 648 	Loss: 1175.505758
Train Epoch: 649 	Loss: 1175.532971
Train Epoch: 650 	Loss: 1175.538590
Train Epoch: 651 	Loss: 1175.577297
Train Epoch: 652 	Loss: 1175.573683
Train Epoch: 653 	Loss: 1175.588157
Train Epoch: 654 	Loss: 1175.466541
Train Epoch: 655 	Loss: 1175.465201
Train Epoch: 656 	Loss: 1175.500577
Train Epoch: 657 	Loss: 1175.463761
Train Epoch: 658 	Loss: 1175.565946
Train Epoch: 659 	Loss: 1175.457229
Train Epoch: 660 	Loss: 1175.494353
Train Epoch: 661 	Loss: 1175.516545
Train Epoch: 662 	Loss: 1175.524804
Train Epoch: 663 	Loss: 1175.485414
Train Epoch: 664 	Loss: 1175.479505
Train Epoch: 665 	Loss: 1175.421122
Train Epoch: 666 	Loss: 1175.484923
Train Epoch: 667 	Loss: 1175.523266
Train Epoch: 668 	Loss: 1175.411132
Train Epoch: 669 	Loss: 1175.415000
Train Epoch: 670 	Loss: 1175.390704
Train Epoch: 671 	Loss: 1175.357190
Train Epoch: 672 	Loss: 1175.459348
Train Epoch: 673 	Loss: 1175.401248
Train Epoch: 674 	Loss: 1175.378739
Train Epoch: 675 	Loss: 1175.450528
Train Epoch: 676 	Loss: 1175.537592
Train Epoch: 677 	Loss: 1175.474258
Train Epoch: 678 	Loss: 1175.619516
Train Epoch: 679 	Loss: 1175.428222
Train Epoch: 680 	Loss: 1175.466498
Train Epoch: 681 	Loss: 1175.435286
Train Epoch: 682 	Loss: 1175.400441
Train Epoch: 683 	Loss: 1175.467416
Train Epoch: 684 	Loss: 1175.458967
Train Epoch: 685 	Loss: 1175.378747
Train Epoch: 686 	Loss: 1175.418273
Train Epoch: 687 	Loss: 1175.364777
Train Epoch: 688 	Loss: 1175.360490
Train Epoch: 689 	Loss: 1175.448820
Train Epoch: 690 	Loss: 1175.365426
Train Epoch: 691 	Loss: 1175.354662
Train Epoch: 692 	Loss: 1175.398936
Train Epoch: 693 	Loss: 1175.322616
Train Epoch: 694 	Loss: 1175.507006
Train Epoch: 695 	Loss: 1175.361601
Train Epoch: 696 	Loss: 1175.428808
Train Epoch: 697 	Loss: 1175.363042
Train Epoch: 698 	Loss: 1175.428738
Train Epoch: 699 	Loss: 1175.367063
Train Epoch: 700 	Loss: 1175.513331
Train Epoch: 701 	Loss: 1175.397437
Train Epoch: 702 	Loss: 1175.316209
Train Epoch: 703 	Loss: 1175.376060
Train Epoch: 704 	Loss: 1175.313644
Train Epoch: 705 	Loss: 1175.513193
Train Epoch: 706 	Loss: 1175.207942
Train Epoch: 707 	Loss: 1175.435083
Train Epoch: 708 	Loss: 1175.407749
Train Epoch: 709 	Loss: 1175.313533
Train Epoch: 710 	Loss: 1175.357513
Train Epoch: 711 	Loss: 1175.373189
Train Epoch: 712 	Loss: 1175.367046
Train Epoch: 713 	Loss: 1175.265257
Train Epoch: 714 	Loss: 1175.387517
Train Epoch: 715 	Loss: 1175.377351
Train Epoch: 716 	Loss: 1175.416699
Train Epoch: 717 	Loss: 1175.401136
Train Epoch: 718 	Loss: 1175.271360
Train Epoch: 719 	Loss: 1175.212177
Train Epoch: 720 	Loss: 1175.331657
Train Epoch: 721 	Loss: 1175.374366
Train Epoch: 722 	Loss: 1175.358442
Train Epoch: 723 	Loss: 1175.375891
Train Epoch: 724 	Loss: 1175.221245
Train Epoch: 725 	Loss: 1175.243912
Train Epoch: 726 	Loss: 1175.291685
Train Epoch: 727 	Loss: 1175.474273
Train Epoch: 728 	Loss: 1175.323226
Train Epoch: 729 	Loss: 1175.252554
Train Epoch: 730 	Loss: 1175.253937
Train Epoch: 731 	Loss: 1175.419226
Train Epoch: 732 	Loss: 1175.256160
Train Epoch: 733 	Loss: 1175.265880
Train Epoch: 734 	Loss: 1175.267681
Train Epoch: 735 	Loss: 1175.238886
Train Epoch: 736 	Loss: 1175.258049
Train Epoch: 737 	Loss: 1175.253197
Train Epoch: 738 	Loss: 1175.223229
Train Epoch: 739 	Loss: 1175.267084
Train Epoch: 740 	Loss: 1175.185623
Train Epoch: 741 	Loss: 1175.185795
Train Epoch: 742 	Loss: 1175.245088
Train Epoch: 743 	Loss: 1175.283686
Train Epoch: 744 	Loss: 1175.188431
Train Epoch: 745 	Loss: 1175.173412
Train Epoch: 746 	Loss: 1175.274047
Train Epoch: 747 	Loss: 1175.192444
Train Epoch: 748 	Loss: 1175.337619
Train Epoch: 749 	Loss: 1175.384497
Train Epoch: 750 	Loss: 1175.242463
Train Epoch: 751 	Loss: 1175.314076
Train Epoch: 752 	Loss: 1175.110470
Train Epoch: 753 	Loss: 1175.214765
Train Epoch: 754 	Loss: 1175.180918
Train Epoch: 755 	Loss: 1175.279818
Train Epoch: 756 	Loss: 1175.364633
Train Epoch: 757 	Loss: 1175.070205
Train Epoch: 758 	Loss: 1175.206392
Train Epoch: 759 	Loss: 1175.234510
Train Epoch: 760 	Loss: 1175.297390
Train Epoch: 761 	Loss: 1175.248187
Train Epoch: 762 	Loss: 1175.279435
Train Epoch: 763 	Loss: 1175.165442
Train Epoch: 764 	Loss: 1175.099105
Train Epoch: 765 	Loss: 1175.185813
Train Epoch: 766 	Loss: 1175.210050
Train Epoch: 767 	Loss: 1175.111091
Train Epoch: 768 	Loss: 1175.246759
Train Epoch: 769 	Loss: 1175.102911
Train Epoch: 770 	Loss: 1175.213596
Train Epoch: 771 	Loss: 1175.265488
Train Epoch: 772 	Loss: 1175.242602
Train Epoch: 773 	Loss: 1175.174356
Train Epoch: 774 	Loss: 1175.245923
Train Epoch: 775 	Loss: 1175.167259
Train Epoch: 776 	Loss: 1175.117613
Train Epoch: 777 	Loss: 1175.157916
Train Epoch: 778 	Loss: 1175.130743
Train Epoch: 779 	Loss: 1175.188141
Train Epoch: 780 	Loss: 1175.211862
Train Epoch: 781 	Loss: 1175.156917
Train Epoch: 782 	Loss: 1175.148872
Train Epoch: 783 	Loss: 1175.108705
Train Epoch: 784 	Loss: 1174.984825
Train Epoch: 785 	Loss: 1175.210151
Train Epoch: 786 	Loss: 1175.159379
Train Epoch: 787 	Loss: 1175.157064
Train Epoch: 788 	Loss: 1175.061448
Train Epoch: 789 	Loss: 1175.068619
Train Epoch: 790 	Loss: 1175.113904
Train Epoch: 791 	Loss: 1175.071925
Train Epoch: 792 	Loss: 1175.095613
Train Epoch: 793 	Loss: 1175.065104
Train Epoch: 794 	Loss: 1175.008298
Train Epoch: 795 	Loss: 1175.060733
Train Epoch: 796 	Loss: 1174.997371
Train Epoch: 797 	Loss: 1175.018095
Train Epoch: 798 	Loss: 1175.083573
Train Epoch: 799 	Loss: 1175.112264
Train Epoch: 800 	Loss: 1175.087491
Train Epoch: 801 	Loss: 1175.100515
Train Epoch: 802 	Loss: 1175.072308
Train Epoch: 803 	Loss: 1175.132156
Train Epoch: 804 	Loss: 1175.070005
Train Epoch: 805 	Loss: 1175.058843
Train Epoch: 806 	Loss: 1175.093140
Train Epoch: 807 	Loss: 1175.077496
Train Epoch: 808 	Loss: 1175.017810
Train Epoch: 809 	Loss: 1174.967996
Train Epoch: 810 	Loss: 1175.127915
Train Epoch: 811 	Loss: 1175.102758
Train Epoch: 812 	Loss: 1175.013543
Train Epoch: 813 	Loss: 1175.084076
Train Epoch: 814 	Loss: 1175.133185
Train Epoch: 815 	Loss: 1175.097330
Train Epoch: 816 	Loss: 1175.044834
Train Epoch: 817 	Loss: 1174.988307
Train Epoch: 818 	Loss: 1174.902228
Train Epoch: 819 	Loss: 1174.976398
Train Epoch: 820 	Loss: 1174.983764
Train Epoch: 821 	Loss: 1175.071521
Train Epoch: 822 	Loss: 1175.011445
Train Epoch: 823 	Loss: 1175.037089
Train Epoch: 824 	Loss: 1174.989810
Train Epoch: 825 	Loss: 1174.990265
Train Epoch: 826 	Loss: 1175.026498
Train Epoch: 827 	Loss: 1174.987739
Train Epoch: 828 	Loss: 1175.011727
Train Epoch: 829 	Loss: 1175.041164
Train Epoch: 830 	Loss: 1174.841051
Train Epoch: 831 	Loss: 1174.937239
Train Epoch: 832 	Loss: 1175.063367
Train Epoch: 833 	Loss: 1175.072190
Train Epoch: 834 	Loss: 1175.078863
Train Epoch: 835 	Loss: 1174.972608
Train Epoch: 836 	Loss: 1174.903639
Train Epoch: 837 	Loss: 1175.037739
Train Epoch: 838 	Loss: 1174.954347
Train Epoch: 839 	Loss: 1175.002119
Train Epoch: 840 	Loss: 1175.002307
Train Epoch: 841 	Loss: 1175.094731
Train Epoch: 842 	Loss: 1174.991231
Train Epoch: 843 	Loss: 1174.924162
Train Epoch: 844 	Loss: 1175.059003
Train Epoch: 845 	Loss: 1174.968741
Train Epoch: 846 	Loss: 1174.953717
Train Epoch: 847 	Loss: 1174.962226
Train Epoch: 848 	Loss: 1174.952340
Train Epoch: 849 	Loss: 1174.986641
Train Epoch: 850 	Loss: 1174.912442
Train Epoch: 851 	Loss: 1175.009724
Train Epoch: 852 	Loss: 1174.898136
Train Epoch: 853 	Loss: 1174.875005
Train Epoch: 854 	Loss: 1174.944120
Train Epoch: 855 	Loss: 1174.811700
Train Epoch: 856 	Loss: 1174.830661
Train Epoch: 857 	Loss: 1174.912473
Train Epoch: 858 	Loss: 1174.700408
Train Epoch: 859 	Loss: 1174.851987
Train Epoch: 860 	Loss: 1174.983977
Train Epoch: 861 	Loss: 1174.883191
Train Epoch: 862 	Loss: 1175.023570
Train Epoch: 863 	Loss: 1174.952095
Train Epoch: 864 	Loss: 1174.883504
Train Epoch: 865 	Loss: 1174.980957
Train Epoch: 866 	Loss: 1174.846386
Train Epoch: 867 	Loss: 1174.873556
Train Epoch: 868 	Loss: 1174.774660
Train Epoch: 869 	Loss: 1174.731206
Train Epoch: 870 	Loss: 1174.827143
Train Epoch: 871 	Loss: 1174.987739
Train Epoch: 872 	Loss: 1174.876589
Train Epoch: 873 	Loss: 1174.807777
Train Epoch: 874 	Loss: 1174.795292
Train Epoch: 875 	Loss: 1174.847333
Train Epoch: 876 	Loss: 1174.856666
Train Epoch: 877 	Loss: 1174.954651
Train Epoch: 878 	Loss: 1174.815185
Train Epoch: 879 	Loss: 1174.898580
Train Epoch: 880 	Loss: 1174.813740
Train Epoch: 881 	Loss: 1174.843736
Train Epoch: 882 	Loss: 1174.807607
Train Epoch: 883 	Loss: 1174.923680
Train Epoch: 884 	Loss: 1174.781433
Train Epoch: 885 	Loss: 1175.028523
Train Epoch: 886 	Loss: 1174.791413
Train Epoch: 887 	Loss: 1174.904305
Train Epoch: 888 	Loss: 1174.874820
Train Epoch: 889 	Loss: 1174.820901
Train Epoch: 890 	Loss: 1174.873043
Train Epoch: 891 	Loss: 1174.814521
Train Epoch: 892 	Loss: 1174.895525
Train Epoch: 893 	Loss: 1174.792788
Train Epoch: 894 	Loss: 1174.765356
Train Epoch: 895 	Loss: 1174.820471
Train Epoch: 896 	Loss: 1174.907367
Train Epoch: 897 	Loss: 1174.862255
Train Epoch: 898 	Loss: 1174.767304
Train Epoch: 899 	Loss: 1174.813943
Train Epoch: 900 	Loss: 1174.775630
Train Epoch: 901 	Loss: 1174.910456
Train Epoch: 902 	Loss: 1174.781494
Train Epoch: 903 	Loss: 1174.681687
Train Epoch: 904 	Loss: 1174.815848
Train Epoch: 905 	Loss: 1174.732332
Train Epoch: 906 	Loss: 1174.680826
Train Epoch: 907 	Loss: 1174.748850
Train Epoch: 908 	Loss: 1174.783851
Train Epoch: 909 	Loss: 1174.700046
Train Epoch: 910 	Loss: 1174.810697
Train Epoch: 911 	Loss: 1174.855694
Train Epoch: 912 	Loss: 1174.706021
Train Epoch: 913 	Loss: 1174.708633
Train Epoch: 914 	Loss: 1174.708840
Train Epoch: 915 	Loss: 1174.873533
Train Epoch: 916 	Loss: 1174.805372
Train Epoch: 917 	Loss: 1174.661397
Train Epoch: 918 	Loss: 1174.805723
Train Epoch: 919 	Loss: 1174.727458
Train Epoch: 920 	Loss: 1174.720729
Train Epoch: 921 	Loss: 1174.622429
Train Epoch: 922 	Loss: 1174.729724
Train Epoch: 923 	Loss: 1174.732069
Train Epoch: 924 	Loss: 1174.679937
Train Epoch: 925 	Loss: 1174.756750
Train Epoch: 926 	Loss: 1174.716630
Train Epoch: 927 	Loss: 1174.744352
Train Epoch: 928 	Loss: 1174.657519
Train Epoch: 929 	Loss: 1174.668223
Train Epoch: 930 	Loss: 1174.751677
Train Epoch: 931 	Loss: 1174.630655
Train Epoch: 932 	Loss: 1174.671106
Train Epoch: 933 	Loss: 1174.805356
Train Epoch: 934 	Loss: 1174.728025
Train Epoch: 935 	Loss: 1174.843732
Train Epoch: 936 	Loss: 1174.664936
Train Epoch: 937 	Loss: 1174.728986
Train Epoch: 938 	Loss: 1174.725866
Train Epoch: 939 	Loss: 1174.653130
Train Epoch: 940 	Loss: 1174.675504
Train Epoch: 941 	Loss: 1174.716965
Train Epoch: 942 	Loss: 1174.657269
Train Epoch: 943 	Loss: 1174.584698
Train Epoch: 944 	Loss: 1174.632318
Train Epoch: 945 	Loss: 1174.647741
Train Epoch: 946 	Loss: 1174.649732
Train Epoch: 947 	Loss: 1174.668282
Train Epoch: 948 	Loss: 1174.614735
Train Epoch: 949 	Loss: 1174.730864
Train Epoch: 950 	Loss: 1174.600074
Train Epoch: 951 	Loss: 1174.682464
Train Epoch: 952 	Loss: 1174.675668
Train Epoch: 953 	Loss: 1174.526061
Train Epoch: 954 	Loss: 1174.671479
Train Epoch: 955 	Loss: 1174.546128
Train Epoch: 956 	Loss: 1174.609257
Train Epoch: 957 	Loss: 1174.549886
Train Epoch: 958 	Loss: 1174.585353
Train Epoch: 959 	Loss: 1174.563422
Train Epoch: 960 	Loss: 1174.794569
Train Epoch: 961 	Loss: 1174.603673
Train Epoch: 962 	Loss: 1174.550885
Train Epoch: 963 	Loss: 1174.631127
Train Epoch: 964 	Loss: 1174.652124
Train Epoch: 965 	Loss: 1174.574002
Train Epoch: 966 	Loss: 1174.711503
Train Epoch: 967 	Loss: 1174.655190
Train Epoch: 968 	Loss: 1174.674935
Train Epoch: 969 	Loss: 1174.625626
Train Epoch: 970 	Loss: 1174.589272
Train Epoch: 971 	Loss: 1174.484259
Train Epoch: 972 	Loss: 1174.612950
Train Epoch: 973 	Loss: 1174.577316
Train Epoch: 974 	Loss: 1174.687319
Train Epoch: 975 	Loss: 1174.680941
Train Epoch: 976 	Loss: 1174.576737
Train Epoch: 977 	Loss: 1174.562398
Train Epoch: 978 	Loss: 1174.509805
Train Epoch: 979 	Loss: 1174.637078
Train Epoch: 980 	Loss: 1174.635521
Train Epoch: 981 	Loss: 1174.558031
Train Epoch: 982 	Loss: 1174.567604
Train Epoch: 983 	Loss: 1174.599545
Train Epoch: 984 	Loss: 1174.677442
Train Epoch: 985 	Loss: 1174.605114
Train Epoch: 986 	Loss: 1174.615796
Train Epoch: 987 	Loss: 1174.534294
Train Epoch: 988 	Loss: 1174.615578
Train Epoch: 989 	Loss: 1174.677764
Train Epoch: 990 	Loss: 1174.472358
Train Epoch: 991 	Loss: 1174.514558
Train Epoch: 992 	Loss: 1174.628276
Train Epoch: 993 	Loss: 1174.567537
Train Epoch: 994 	Loss: 1174.615770
Train Epoch: 995 	Loss: 1174.522995
Train Epoch: 996 	Loss: 1174.530099
Train Epoch: 997 	Loss: 1174.640703
Train Epoch: 998 	Loss: 1174.547298
Train Epoch: 999 	Loss: 1174.620758
Train Epoch: 1000 	Loss: 1174.459356
7:46:25.805273

Test set: Average loss: 0.7103


Test set: Accuracy: 0.4142.

[118306/285644]

